2025-07-27 20:36:30,894 [INFO] derived_fields - derived data for sample_sensor_data.parquet = 
            sensor_id reading_type  daily_avg_value  rolling_7d_avg
date                                                              
2025-06-05  sensor_1     humidity        24.083333       24.083333
2025-06-05  sensor_1  temperature        25.800000       25.800000
2025-06-05  sensor_2     humidity        20.266667       20.266667
2025-06-05  sensor_2  temperature        22.860000       22.860000
2025-06-05  sensor_3     humidity        29.440000       29.440000
2025-06-05  sensor_4     humidity        21.300000       21.300000
2025-06-05  sensor_4  temperature        25.132000       25.132000
2025-06-05  sensor_5     humidity        28.336667       28.336667
2025-06-05  sensor_5  temperature        18.971429       18.971429
2025-07-27 21:03:14,908 [INFO] derived_fields - derived data for sample_sensor_data.parquet = 
            sensor_id reading_type  daily_avg_value  rolling_7d_avg
date                                                              
2025-06-05  sensor_1     humidity        24.083333       24.083333
2025-06-05  sensor_1  temperature        25.800000       25.800000
2025-06-05  sensor_2     humidity        20.266667       20.266667
2025-06-05  sensor_2  temperature        22.860000       22.860000
2025-06-05  sensor_3     humidity        29.440000       29.440000
2025-06-05  sensor_4     humidity        21.300000       21.300000
2025-06-05  sensor_4  temperature        25.132000       25.132000
2025-06-05  sensor_5     humidity        28.336667       28.336667
2025-06-05  sensor_5  temperature        18.971429       18.971429
2025-07-27 21:03:58,634 [INFO] derived_fields - derived data for sample_sensor_data.parquet = 
            sensor_id reading_type  daily_avg_value  rolling_7d_avg
date                                                              
2025-06-05  sensor_1     humidity        24.083333       24.083333
2025-06-05  sensor_1  temperature        25.800000       25.800000
2025-06-05  sensor_2     humidity        20.266667       20.266667
2025-06-05  sensor_2  temperature        22.860000       22.860000
2025-06-05  sensor_3     humidity        29.440000       29.440000
2025-06-05  sensor_4     humidity        21.300000       21.300000
2025-06-05  sensor_4  temperature        25.132000       25.132000
2025-06-05  sensor_5     humidity        28.336667       28.336667
2025-06-05  sensor_5  temperature        18.971429       18.971429
2025-07-27 21:09:26,784 [INFO] derived_fields - derived data for sample_sensor_data.parquet = 
            sensor_id reading_type  daily_avg_value  rolling_7d_avg
date                                                              
2025-06-05  sensor_1     humidity        24.083333       24.083333
2025-06-05  sensor_1  temperature        25.800000       25.800000
2025-06-05  sensor_2     humidity        20.266667       20.266667
2025-06-05  sensor_2  temperature        22.860000       22.860000
2025-06-05  sensor_3     humidity        29.440000       29.440000
2025-06-05  sensor_4     humidity        21.300000       21.300000
2025-06-05  sensor_4  temperature        25.132000       25.132000
2025-06-05  sensor_5     humidity        28.336667       28.336667
2025-06-05  sensor_5  temperature        18.971429       18.971429
2025-07-27 21:09:46,894 [INFO] derived_fields - derived data for sample_sensor_data.parquet = 
            sensor_id reading_type  daily_avg_value  rolling_7d_avg
date                                                              
2025-06-05  sensor_1     humidity        24.083333       24.083333
2025-06-05  sensor_1  temperature        25.800000       25.800000
2025-06-05  sensor_2     humidity        20.266667       20.266667
2025-06-05  sensor_2  temperature        22.860000       22.860000
2025-06-05  sensor_3     humidity        29.440000       29.440000
2025-06-05  sensor_4     humidity        21.300000       21.300000
2025-06-05  sensor_4  temperature        25.132000       25.132000
2025-06-05  sensor_5     humidity        28.336667       28.336667
2025-06-05  sensor_5  temperature        18.971429       18.971429
2025-07-27 21:11:30,196 [INFO] derived_fields - derived data for sample_sensor_data.parquet = 
            sensor_id reading_type  daily_avg_value  rolling_7d_avg
date                                                              
2025-06-05  sensor_1     humidity        24.083333       24.083333
2025-06-05  sensor_1  temperature        25.800000       25.800000
2025-06-05  sensor_2     humidity        20.266667       20.266667
2025-06-05  sensor_2  temperature        22.860000       22.860000
2025-06-05  sensor_3     humidity        29.440000       29.440000
2025-06-05  sensor_4     humidity        21.300000       21.300000
2025-06-05  sensor_4  temperature        25.132000       25.132000
2025-06-05  sensor_5     humidity        28.336667       28.336667
2025-06-05  sensor_5  temperature        18.971429       18.971429
2025-07-27 21:12:46,507 [INFO] derived_fields - derived data for sample_sensor_data.parquet = 
            sensor_id reading_type  daily_avg_value  rolling_7d_avg
date                                                              
2025-06-05  sensor_1     humidity        24.083333       24.083333
2025-06-05  sensor_1  temperature        25.800000       25.800000
2025-06-05  sensor_2     humidity        20.266667       20.266667
2025-06-05  sensor_2  temperature        22.860000       22.860000
2025-06-05  sensor_3     humidity        29.440000       29.440000
2025-06-05  sensor_4     humidity        21.300000       21.300000
2025-06-05  sensor_4  temperature        25.132000       25.132000
2025-06-05  sensor_5     humidity        28.336667       28.336667
2025-06-05  sensor_5  temperature        18.971429       18.971429
2025-07-27 21:20:41,768 [INFO] derived_fields - derived data for sample_sensor_data.parquet = 
            sensor_id reading_type  daily_avg_value  rolling_7d_avg
date                                                              
2025-06-05  sensor_1     humidity        24.083333       24.083333
2025-06-05  sensor_1  temperature        25.800000       25.800000
2025-06-05  sensor_2     humidity        20.266667       20.266667
2025-06-05  sensor_2  temperature        22.860000       22.860000
2025-06-05  sensor_3     humidity        29.440000       29.440000
2025-06-05  sensor_4     humidity        21.300000       21.300000
2025-06-05  sensor_4  temperature        25.132000       25.132000
2025-06-05  sensor_5     humidity        28.336667       28.336667
2025-06-05  sensor_5  temperature        18.971429       18.971429
2025-07-27 21:21:01,383 [INFO] derived_fields - derived data for sample_sensor_data.parquet = 
            sensor_id reading_type  daily_avg_value  rolling_7d_avg
date                                                              
2025-06-05  sensor_1     humidity        24.083333       24.083333
2025-06-05  sensor_1  temperature        25.800000       25.800000
2025-06-05  sensor_2     humidity        20.266667       20.266667
2025-06-05  sensor_2  temperature        22.860000       22.860000
2025-06-05  sensor_3     humidity        29.440000       29.440000
2025-06-05  sensor_4     humidity        21.300000       21.300000
2025-06-05  sensor_4  temperature        25.132000       25.132000
2025-06-05  sensor_5     humidity        28.336667       28.336667
2025-06-05  sensor_5  temperature        18.971429       18.971429
2025-07-27 21:21:33,293 [INFO] derived_fields - derived data for sample_sensor_data.parquet = 
            sensor_id reading_type  daily_avg_value  rolling_7d_avg
date                                                              
2025-06-05  sensor_1     humidity        24.083333       24.083333
2025-06-05  sensor_1  temperature        25.800000       25.800000
2025-06-05  sensor_2     humidity        20.266667       20.266667
2025-06-05  sensor_2  temperature        22.860000       22.860000
2025-06-05  sensor_3     humidity        29.440000       29.440000
2025-06-05  sensor_4     humidity        21.300000       21.300000
2025-06-05  sensor_4  temperature        25.132000       25.132000
2025-06-05  sensor_5     humidity        28.336667       28.336667
2025-06-05  sensor_5  temperature        18.971429       18.971429
2025-07-27 22:02:31,509 [INFO] derived_fields - derived data for data/raw/sample_sensor_data.parquet = 
            sensor_id reading_type  daily_avg_value  rolling_7d_avg
date                                                              
2025-06-05  sensor_1     humidity        24.083333       24.083333
2025-06-05  sensor_1  temperature        25.800000       25.800000
2025-06-05  sensor_2     humidity        20.266667       20.266667
2025-06-05  sensor_2  temperature        22.860000       22.860000
2025-06-05  sensor_3     humidity        29.440000       29.440000
2025-06-05  sensor_4     humidity        21.300000       21.300000
2025-06-05  sensor_4  temperature        25.132000       25.132000
2025-06-05  sensor_5     humidity        28.336667       28.336667
2025-06-05  sensor_5  temperature        18.971429       18.971429
2025-07-27 22:06:28,391 [INFO] derived_fields - derived data for data/raw/sample_sensor_data.parquet = 
            sensor_id reading_type  daily_avg_value  rolling_7d_avg
date                                                              
2025-06-05  sensor_1     humidity        24.083333       24.083333
2025-06-05  sensor_1  temperature        25.800000       25.800000
2025-06-05  sensor_2     humidity        20.266667       20.266667
2025-06-05  sensor_2  temperature        22.860000       22.860000
2025-06-05  sensor_3     humidity        29.440000       29.440000
2025-06-05  sensor_4     humidity        21.300000       21.300000
2025-06-05  sensor_4  temperature        25.132000       25.132000
2025-06-05  sensor_5     humidity        28.336667       28.336667
2025-06-05  sensor_5  temperature        18.971429       18.971429
2025-07-27 22:17:05,264 [INFO] derived_fields - derived data for data/raw/sample_sensor_data.parquet = 
            sensor_id reading_type  daily_avg_value  rolling_7d_avg
date                                                              
2025-06-05  sensor_1     humidity        24.083333       24.083333
2025-06-05  sensor_1  temperature        25.800000       25.800000
2025-06-05  sensor_2     humidity        20.266667       20.266667
2025-06-05  sensor_2  temperature        22.860000       22.860000
2025-06-05  sensor_3     humidity        29.440000       29.440000
2025-06-05  sensor_4     humidity        21.300000       21.300000
2025-06-05  sensor_4  temperature        25.132000       25.132000
2025-06-05  sensor_5     humidity        28.336667       28.336667
2025-06-05  sensor_5  temperature        18.971429       18.971429
2025-07-27 22:18:29,366 [INFO] derived_fields - derived data for data/raw/sample_sensor_data.parquet = 
            sensor_id reading_type  daily_avg_value  rolling_7d_avg
date                                                              
2025-06-05  sensor_1     humidity        24.083333       24.083333
2025-06-05  sensor_1  temperature        25.800000       25.800000
2025-06-05  sensor_2     humidity        20.266667       20.266667
2025-06-05  sensor_2  temperature        22.860000       22.860000
2025-06-05  sensor_3     humidity        29.440000       29.440000
2025-06-05  sensor_4     humidity        21.300000       21.300000
2025-06-05  sensor_4  temperature        25.132000       25.132000
2025-06-05  sensor_5     humidity        28.336667       28.336667
2025-06-05  sensor_5  temperature        18.971429       18.971429
2025-07-27 22:18:47,743 [INFO] derived_fields - derived data for data/raw/sample_sensor_data.parquet = 
            sensor_id reading_type  daily_avg_value  rolling_7d_avg
date                                                              
2025-06-05  sensor_1     humidity        24.083333       24.083333
2025-06-05  sensor_1  temperature        25.800000       25.800000
2025-06-05  sensor_2     humidity        20.266667       20.266667
2025-06-05  sensor_2  temperature        22.860000       22.860000
2025-06-05  sensor_3     humidity        29.440000       29.440000
2025-06-05  sensor_4     humidity        21.300000       21.300000
2025-06-05  sensor_4  temperature        25.132000       25.132000
2025-06-05  sensor_5     humidity        28.336667       28.336667
2025-06-05  sensor_5  temperature        18.971429       18.971429
2025-07-27 22:20:13,307 [INFO] derived_fields - derived data for data/raw/sample_sensor_data.parquet = 
            sensor_id reading_type  daily_avg_value  rolling_7d_avg
date                                                              
2025-06-05  sensor_1     humidity        24.083333       24.083333
2025-06-05  sensor_1  temperature        25.800000       25.800000
2025-06-05  sensor_2     humidity        20.266667       20.266667
2025-06-05  sensor_2  temperature        22.860000       22.860000
2025-06-05  sensor_3     humidity        29.440000       29.440000
2025-06-05  sensor_4     humidity        21.300000       21.300000
2025-06-05  sensor_4  temperature        25.132000       25.132000
2025-06-05  sensor_5     humidity        28.336667       28.336667
2025-06-05  sensor_5  temperature        18.971429       18.971429
2025-07-27 22:20:26,174 [INFO] derived_fields - derived data for data/raw/sample_sensor_data.parquet = 
            sensor_id reading_type  daily_avg_value  rolling_7d_avg
date                                                              
2025-06-05  sensor_1     humidity        24.083333       24.083333
2025-06-05  sensor_1  temperature        25.800000       25.800000
2025-06-05  sensor_2     humidity        20.266667       20.266667
2025-06-05  sensor_2  temperature        22.860000       22.860000
2025-06-05  sensor_3     humidity        29.440000       29.440000
2025-06-05  sensor_4     humidity        21.300000       21.300000
2025-06-05  sensor_4  temperature        25.132000       25.132000
2025-06-05  sensor_5     humidity        28.336667       28.336667
2025-06-05  sensor_5  temperature        18.971429       18.971429
2025-07-27 22:22:53,859 [INFO] derived_fields - derived data for data/raw/sample_sensor_data.parquet = 
            sensor_id reading_type  daily_avg_value  rolling_7d_avg
date                                                              
2025-06-05  sensor_1     humidity        24.083333       24.083333
2025-06-05  sensor_1  temperature        25.800000       25.800000
2025-06-05  sensor_2     humidity        20.266667       20.266667
2025-06-05  sensor_2  temperature        22.860000       22.860000
2025-06-05  sensor_3     humidity        29.440000       29.440000
2025-06-05  sensor_4     humidity        21.300000       21.300000
2025-06-05  sensor_4  temperature        25.132000       25.132000
2025-06-05  sensor_5     humidity        28.336667       28.336667
2025-06-05  sensor_5  temperature        18.971429       18.971429
2025-07-27 22:23:41,963 [INFO] derived_fields - derived data for data/raw/sample_sensor_data.parquet = 
            sensor_id reading_type  daily_avg_value  rolling_7d_avg
date                                                              
2025-06-05  sensor_1     humidity        24.083333       24.083333
2025-06-05  sensor_1  temperature        25.800000       25.800000
2025-06-05  sensor_2     humidity        20.266667       20.266667
2025-06-05  sensor_2  temperature        22.860000       22.860000
2025-06-05  sensor_3     humidity        29.440000       29.440000
2025-06-05  sensor_4     humidity        21.300000       21.300000
2025-06-05  sensor_4  temperature        25.132000       25.132000
2025-06-05  sensor_5     humidity        28.336667       28.336667
2025-06-05  sensor_5  temperature        18.971429       18.971429
2025-07-27 22:25:04,956 [INFO] derived_fields - derived data for data/raw/sample_sensor_data.parquet = 
            sensor_id reading_type  daily_avg_value  rolling_7d_avg
date                                                              
2025-06-05  sensor_1     humidity        24.083333       24.083333
2025-06-05  sensor_1  temperature        25.800000       25.800000
2025-06-05  sensor_2     humidity        20.266667       20.266667
2025-06-05  sensor_2  temperature        22.860000       22.860000
2025-06-05  sensor_3     humidity        29.440000       29.440000
2025-06-05  sensor_4     humidity        21.300000       21.300000
2025-06-05  sensor_4  temperature        25.132000       25.132000
2025-06-05  sensor_5     humidity        28.336667       28.336667
2025-06-05  sensor_5  temperature        18.971429       18.971429
2025-07-27 22:25:26,256 [INFO] derived_fields - derived data for data/raw/sample_sensor_data.parquet = 
            sensor_id reading_type  daily_avg_value  rolling_7d_avg
date                                                              
2025-06-05  sensor_1     humidity        24.083333       24.083333
2025-06-05  sensor_1  temperature        25.800000       25.800000
2025-06-05  sensor_2     humidity        20.266667       20.266667
2025-06-05  sensor_2  temperature        22.860000       22.860000
2025-06-05  sensor_3     humidity        29.440000       29.440000
2025-06-05  sensor_4     humidity        21.300000       21.300000
2025-06-05  sensor_4  temperature        25.132000       25.132000
2025-06-05  sensor_5     humidity        28.336667       28.336667
2025-06-05  sensor_5  temperature        18.971429       18.971429
2025-07-27 22:26:10,490 [INFO] derived_fields - derived data for data/raw/sample_sensor_data.parquet = 
            sensor_id reading_type  daily_avg_value  rolling_7d_avg
date                                                              
2025-06-05  sensor_1     humidity        24.083333       24.083333
2025-06-05  sensor_1  temperature        25.800000       25.800000
2025-06-05  sensor_2     humidity        20.266667       20.266667
2025-06-05  sensor_2  temperature        22.860000       22.860000
2025-06-05  sensor_3     humidity        29.440000       29.440000
2025-06-05  sensor_4     humidity        21.300000       21.300000
2025-06-05  sensor_4  temperature        25.132000       25.132000
2025-06-05  sensor_5     humidity        28.336667       28.336667
2025-06-05  sensor_5  temperature        18.971429       18.971429
2025-07-27 22:27:42,654 [INFO] derived_fields - derived data for data/raw/sample_sensor_data.parquet = 
            sensor_id reading_type  daily_avg_value  rolling_7d_avg
date                                                              
2025-06-05  sensor_1     humidity        24.083333       24.083333
2025-06-05  sensor_1  temperature        25.800000       25.800000
2025-06-05  sensor_2     humidity        20.266667       20.266667
2025-06-05  sensor_2  temperature        22.860000       22.860000
2025-06-05  sensor_3     humidity        29.440000       29.440000
2025-06-05  sensor_4     humidity        21.300000       21.300000
2025-06-05  sensor_4  temperature        25.132000       25.132000
2025-06-05  sensor_5     humidity        28.336667       28.336667
2025-06-05  sensor_5  temperature        18.971429       18.971429
2025-07-27 22:29:02,163 [INFO] derived_fields - derived data for data/raw/sample_sensor_data.parquet = 
            sensor_id reading_type  daily_avg_value  rolling_7d_avg
date                                                              
2025-06-05  sensor_1     humidity        24.083333       24.083333
2025-06-05  sensor_1  temperature        25.800000       25.800000
2025-06-05  sensor_2     humidity        20.266667       20.266667
2025-06-05  sensor_2  temperature        22.860000       22.860000
2025-06-05  sensor_3     humidity        29.440000       29.440000
2025-06-05  sensor_4     humidity        21.300000       21.300000
2025-06-05  sensor_4  temperature        25.132000       25.132000
2025-06-05  sensor_5     humidity        28.336667       28.336667
2025-06-05  sensor_5  temperature        18.971429       18.971429
2025-07-27 22:31:01,144 [INFO] derived_fields - derived data for data/raw/sample_sensor_data.parquet = 
            sensor_id reading_type  daily_avg_value  rolling_7d_avg
date                                                              
2025-06-05  sensor_1     humidity        24.083333       24.083333
2025-06-05  sensor_1  temperature        25.800000       25.800000
2025-06-05  sensor_2     humidity        20.266667       20.266667
2025-06-05  sensor_2  temperature        22.860000       22.860000
2025-06-05  sensor_3     humidity        29.440000       29.440000
2025-06-05  sensor_4     humidity        21.300000       21.300000
2025-06-05  sensor_4  temperature        25.132000       25.132000
2025-06-05  sensor_5     humidity        28.336667       28.336667
2025-06-05  sensor_5  temperature        18.971429       18.971429
2025-07-27 22:35:41,368 [INFO] derived_fields - derived data for data/raw/sample_sensor_data.parquet = 
            sensor_id reading_type  daily_avg_value  rolling_7d_avg
date                                                              
2025-06-05  sensor_1     humidity        24.083333       24.083333
2025-06-05  sensor_1  temperature        25.800000       25.800000
2025-06-05  sensor_2     humidity        20.266667       20.266667
2025-06-05  sensor_2  temperature        22.860000       22.860000
2025-06-05  sensor_3     humidity        29.440000       29.440000
2025-06-05  sensor_4     humidity        21.300000       21.300000
2025-06-05  sensor_4  temperature        25.132000       25.132000
2025-06-05  sensor_5     humidity        28.336667       28.336667
2025-06-05  sensor_5  temperature        18.971429       18.971429
2025-07-27 22:38:25,338 [INFO] derived_fields - derived data for data/raw/sample_sensor_data.parquet = 
            sensor_id reading_type  daily_avg_value  rolling_7d_avg
date                                                              
2025-06-05  sensor_1     humidity        24.083333       24.083333
2025-06-05  sensor_1  temperature        25.800000       25.800000
2025-06-05  sensor_2     humidity        20.266667       20.266667
2025-06-05  sensor_2  temperature        22.860000       22.860000
2025-06-05  sensor_3     humidity        29.440000       29.440000
2025-06-05  sensor_4     humidity        21.300000       21.300000
2025-06-05  sensor_4  temperature        25.132000       25.132000
2025-06-05  sensor_5     humidity        28.336667       28.336667
2025-06-05  sensor_5  temperature        18.971429       18.971429
2025-07-27 22:38:55,671 [INFO] derived_fields - derived data for data/raw/sample_sensor_data.parquet = 
            sensor_id reading_type  daily_avg_value  rolling_7d_avg
date                                                              
2025-06-05  sensor_1     humidity        24.083333       24.083333
2025-06-05  sensor_1  temperature        25.800000       25.800000
2025-06-05  sensor_2     humidity        20.266667       20.266667
2025-06-05  sensor_2  temperature        22.860000       22.860000
2025-06-05  sensor_3     humidity        29.440000       29.440000
2025-06-05  sensor_4     humidity        21.300000       21.300000
2025-06-05  sensor_4  temperature        25.132000       25.132000
2025-06-05  sensor_5     humidity        28.336667       28.336667
2025-06-05  sensor_5  temperature        18.971429       18.971429
2025-07-27 22:39:13,597 [INFO] derived_fields - derived data for data/raw/sample_sensor_data.parquet = 
            sensor_id reading_type  daily_avg_value  rolling_7d_avg
date                                                              
2025-06-05  sensor_1     humidity        24.083333       24.083333
2025-06-05  sensor_1  temperature        25.800000       25.800000
2025-06-05  sensor_2     humidity        20.266667       20.266667
2025-06-05  sensor_2  temperature        22.860000       22.860000
2025-06-05  sensor_3     humidity        29.440000       29.440000
2025-06-05  sensor_4     humidity        21.300000       21.300000
2025-06-05  sensor_4  temperature        25.132000       25.132000
2025-06-05  sensor_5     humidity        28.336667       28.336667
2025-06-05  sensor_5  temperature        18.971429       18.971429
2025-07-27 22:39:52,570 [INFO] derived_fields - derived data for data/raw/sample_sensor_data.parquet = 
            sensor_id reading_type  daily_avg_value  rolling_7d_avg
date                                                              
2025-06-05  sensor_1     humidity        24.083333       24.083333
2025-06-05  sensor_1  temperature        25.800000       25.800000
2025-06-05  sensor_2     humidity        20.266667       20.266667
2025-06-05  sensor_2  temperature        22.860000       22.860000
2025-06-05  sensor_3     humidity        29.440000       29.440000
2025-06-05  sensor_4     humidity        21.300000       21.300000
2025-06-05  sensor_4  temperature        25.132000       25.132000
2025-06-05  sensor_5     humidity        28.336667       28.336667
2025-06-05  sensor_5  temperature        18.971429       18.971429
2025-07-27 23:06:10,479 [INFO] derived_fields - derived data for data/raw/sample_sensor_data.parquet = 
            sensor_id reading_type  daily_avg_value  rolling_7d_avg
date                                                              
2025-06-05  sensor_1     humidity        24.083333       24.083333
2025-06-05  sensor_1  temperature        25.800000       25.800000
2025-06-05  sensor_2     humidity        20.266667       20.266667
2025-06-05  sensor_2  temperature        22.860000       22.860000
2025-06-05  sensor_3     humidity        29.440000       29.440000
2025-06-05  sensor_4     humidity        21.300000       21.300000
2025-06-05  sensor_4  temperature        25.132000       25.132000
2025-06-05  sensor_5     humidity        28.336667       28.336667
2025-06-05  sensor_5  temperature        18.971429       18.971429
2025-07-27 23:06:34,989 [INFO] derived_fields - derived data for data/raw/sample_sensor_data.parquet = 
            sensor_id reading_type  daily_avg_value  rolling_7d_avg
date                                                              
2025-06-05  sensor_1     humidity        24.083333       24.083333
2025-06-05  sensor_1  temperature        25.800000       25.800000
2025-06-05  sensor_2     humidity        20.266667       20.266667
2025-06-05  sensor_2  temperature        22.860000       22.860000
2025-06-05  sensor_3     humidity        29.440000       29.440000
2025-06-05  sensor_4     humidity        21.300000       21.300000
2025-06-05  sensor_4  temperature        25.132000       25.132000
2025-06-05  sensor_5     humidity        28.336667       28.336667
2025-06-05  sensor_5  temperature        18.971429       18.971429
2025-07-27 23:06:41,535 [INFO] derived_fields - derived data for data/raw/sample_sensor_data.parquet = 
            sensor_id reading_type  daily_avg_value  rolling_7d_avg
date                                                              
2025-06-05  sensor_1     humidity        24.083333       24.083333
2025-06-05  sensor_1  temperature        25.800000       25.800000
2025-06-05  sensor_2     humidity        20.266667       20.266667
2025-06-05  sensor_2  temperature        22.860000       22.860000
2025-06-05  sensor_3     humidity        29.440000       29.440000
2025-06-05  sensor_4     humidity        21.300000       21.300000
2025-06-05  sensor_4  temperature        25.132000       25.132000
2025-06-05  sensor_5     humidity        28.336667       28.336667
2025-06-05  sensor_5  temperature        18.971429       18.971429
2025-07-27 23:07:10,087 [INFO] derived_fields - derived data for data/raw/sample_sensor_data.parquet = 
            sensor_id reading_type  daily_avg_value  rolling_7d_avg
date                                                              
2025-06-05  sensor_1     humidity        24.083333       24.083333
2025-06-05  sensor_1  temperature        25.800000       25.800000
2025-06-05  sensor_2     humidity        20.266667       20.266667
2025-06-05  sensor_2  temperature        22.860000       22.860000
2025-06-05  sensor_3     humidity        29.440000       29.440000
2025-06-05  sensor_4     humidity        21.300000       21.300000
2025-06-05  sensor_4  temperature        25.132000       25.132000
2025-06-05  sensor_5     humidity        28.336667       28.336667
2025-06-05  sensor_5  temperature        18.971429       18.971429
2025-07-27 23:09:27,602 [INFO] derived_fields - derived data for data/raw/sample_sensor_data.parquet = 
            sensor_id reading_type  daily_avg_value  rolling_7d_avg
date                                                              
2025-06-05  sensor_1     humidity        24.083333       24.083333
2025-06-05  sensor_1  temperature        25.800000       25.800000
2025-06-05  sensor_2     humidity        20.266667       20.266667
2025-06-05  sensor_2  temperature        22.860000       22.860000
2025-06-05  sensor_3     humidity        29.440000       29.440000
2025-06-05  sensor_4     humidity        21.300000       21.300000
2025-06-05  sensor_4  temperature        25.132000       25.132000
2025-06-05  sensor_5     humidity        28.336667       28.336667
2025-06-05  sensor_5  temperature        18.971429       18.971429
2025-07-27 23:09:34,794 [INFO] derived_fields - derived data for data/raw/sample_sensor_data.parquet = 
            sensor_id reading_type  daily_avg_value  rolling_7d_avg
date                                                              
2025-06-05  sensor_1     humidity        24.083333       24.083333
2025-06-05  sensor_1  temperature        25.800000       25.800000
2025-06-05  sensor_2     humidity        20.266667       20.266667
2025-06-05  sensor_2  temperature        22.860000       22.860000
2025-06-05  sensor_3     humidity        29.440000       29.440000
2025-06-05  sensor_4     humidity        21.300000       21.300000
2025-06-05  sensor_4  temperature        25.132000       25.132000
2025-06-05  sensor_5     humidity        28.336667       28.336667
2025-06-05  sensor_5  temperature        18.971429       18.971429
2025-07-27 23:40:10,831 [INFO] derived_fields - derived data for data/raw/raw-2.parquet = 
            sensor_id reading_type  daily_avg_value  rolling_7d_avg
date                                                              
2025-06-05  sensor_1     humidity        24.083333       24.083333
2025-06-05  sensor_1  temperature        25.800000       25.800000
2025-06-05  sensor_2     humidity        20.266667       20.266667
2025-06-05  sensor_2  temperature        22.860000       22.860000
2025-06-05  sensor_3     humidity        29.440000       29.440000
2025-06-05  sensor_4     humidity        21.300000       21.300000
2025-06-05  sensor_4  temperature        25.132000       25.132000
2025-06-05  sensor_5     humidity        28.336667       28.336667
2025-06-05  sensor_5  temperature        18.971429       18.971429
2025-07-27 23:42:31,424 [INFO] derived_fields - derived data for data/raw/raw-2.parquet = 
            sensor_id reading_type  daily_avg_value  rolling_7d_avg
date                                                              
2025-06-05  sensor_1     humidity        24.083333       24.083333
2025-06-05  sensor_1  temperature        25.800000       25.800000
2025-06-05  sensor_2     humidity        20.266667       20.266667
2025-06-05  sensor_2  temperature        22.860000       22.860000
2025-06-05  sensor_3     humidity        29.440000       29.440000
2025-06-05  sensor_4     humidity        21.300000       21.300000
2025-06-05  sensor_4  temperature        25.132000       25.132000
2025-06-05  sensor_5     humidity        28.336667       28.336667
2025-06-05  sensor_5  temperature        18.971429       18.971429
2025-07-27 23:42:34,165 [INFO] derived_fields - derived data for data/raw/raw-2.parquet = 
            sensor_id reading_type  daily_avg_value  rolling_7d_avg
date                                                              
2025-06-05  sensor_1     humidity        24.083333       24.083333
2025-06-05  sensor_1  temperature        25.800000       25.800000
2025-06-05  sensor_2     humidity        20.266667       20.266667
2025-06-05  sensor_2  temperature        22.860000       22.860000
2025-06-05  sensor_3     humidity        29.440000       29.440000
2025-06-05  sensor_4     humidity        21.300000       21.300000
2025-06-05  sensor_4  temperature        25.132000       25.132000
2025-06-05  sensor_5     humidity        28.336667       28.336667
2025-06-05  sensor_5  temperature        18.971429       18.971429
2025-07-27 23:43:41,712 [INFO] derived_fields - derived data for data/raw/raw-2.parquet = 
            sensor_id reading_type  daily_avg_value  rolling_7d_avg
date                                                              
2025-06-05  sensor_1     humidity        24.083333       24.083333
2025-06-05  sensor_1  temperature        25.800000       25.800000
2025-06-05  sensor_2     humidity        20.266667       20.266667
2025-06-05  sensor_2  temperature        22.860000       22.860000
2025-06-05  sensor_3     humidity        29.440000       29.440000
2025-06-05  sensor_4     humidity        21.300000       21.300000
2025-06-05  sensor_4  temperature        25.132000       25.132000
2025-06-05  sensor_5     humidity        28.336667       28.336667
2025-06-05  sensor_5  temperature        18.971429       18.971429
2025-07-27 23:43:47,737 [INFO] derived_fields - derived data for data/raw/raw-2.parquet = 
            sensor_id reading_type  daily_avg_value  rolling_7d_avg
date                                                              
2025-06-05  sensor_1     humidity        24.083333       24.083333
2025-06-05  sensor_1  temperature        25.800000       25.800000
2025-06-05  sensor_2     humidity        20.266667       20.266667
2025-06-05  sensor_2  temperature        22.860000       22.860000
2025-06-05  sensor_3     humidity        29.440000       29.440000
2025-06-05  sensor_4     humidity        21.300000       21.300000
2025-06-05  sensor_4  temperature        25.132000       25.132000
2025-06-05  sensor_5     humidity        28.336667       28.336667
2025-06-05  sensor_5  temperature        18.971429       18.971429
2025-07-27 23:43:55,476 [INFO] derived_fields - derived data for data/raw/raw-2.parquet = 
            sensor_id reading_type  daily_avg_value  rolling_7d_avg
date                                                              
2025-06-05  sensor_1     humidity        24.083333       24.083333
2025-06-05  sensor_1  temperature        25.800000       25.800000
2025-06-05  sensor_2     humidity        20.266667       20.266667
2025-06-05  sensor_2  temperature        22.860000       22.860000
2025-06-05  sensor_3     humidity        29.440000       29.440000
2025-06-05  sensor_4     humidity        21.300000       21.300000
2025-06-05  sensor_4  temperature        25.132000       25.132000
2025-06-05  sensor_5     humidity        28.336667       28.336667
2025-06-05  sensor_5  temperature        18.971429       18.971429
2025-07-27 23:44:09,013 [INFO] derived_fields - derived data for data/raw/raw-2.parquet = 
            sensor_id reading_type  daily_avg_value  rolling_7d_avg
date                                                              
2025-06-05  sensor_1     humidity        24.083333       24.083333
2025-06-05  sensor_1  temperature        25.800000       25.800000
2025-06-05  sensor_2     humidity        20.266667       20.266667
2025-06-05  sensor_2  temperature        22.860000       22.860000
2025-06-05  sensor_3     humidity        29.440000       29.440000
2025-06-05  sensor_4     humidity        21.300000       21.300000
2025-06-05  sensor_4  temperature        25.132000       25.132000
2025-06-05  sensor_5     humidity        28.336667       28.336667
2025-06-05  sensor_5  temperature        18.971429       18.971429
2025-07-27 23:44:30,765 [INFO] derived_fields - derived data for data/raw/raw-2.parquet = 
            sensor_id reading_type  daily_avg_value  rolling_7d_avg
date                                                              
2025-06-05  sensor_1     humidity        24.083333       24.083333
2025-06-05  sensor_1  temperature        25.800000       25.800000
2025-06-05  sensor_2     humidity        20.266667       20.266667
2025-06-05  sensor_2  temperature        22.860000       22.860000
2025-06-05  sensor_3     humidity        29.440000       29.440000
2025-06-05  sensor_4     humidity        21.300000       21.300000
2025-06-05  sensor_4  temperature        25.132000       25.132000
2025-06-05  sensor_5     humidity        28.336667       28.336667
2025-06-05  sensor_5  temperature        18.971429       18.971429
2025-07-27 23:49:33,460 [INFO] derived_fields - derived data for data/raw/raw-2.parquet = 
            sensor_id reading_type  daily_avg_value  rolling_7d_avg
date                                                              
2025-06-05  sensor_1     humidity        24.083333       24.083333
2025-06-05  sensor_1  temperature        25.800000       25.800000
2025-06-05  sensor_2     humidity        20.266667       20.266667
2025-06-05  sensor_2  temperature        22.860000       22.860000
2025-06-05  sensor_3     humidity        29.440000       29.440000
2025-06-05  sensor_4     humidity        21.300000       21.300000
2025-06-05  sensor_4  temperature        25.132000       25.132000
2025-06-05  sensor_5     humidity        28.336667       28.336667
2025-06-05  sensor_5  temperature        18.971429       18.971429
