2025-07-26 22:33:03,053 [INFO] agri_pipeline.validation - loading started
2025-07-26 22:33:40,648 [INFO] app.core.processing - loading started
2025-07-26 22:33:40,648 [INFO] app.loading.parquet_loader - checking can we load the file sample_sensor_data.parquet
2025-07-26 22:33:40,648 [INFO] app.loading.parquet_loader - started loading file sample_sensor_data.parquet
2025-07-26 22:33:40,935 [INFO] app.loading.parquet_loader - file sample_sensor_data.parquet schema loaded to duckdb
2025-07-26 22:37:47,096 [INFO] app.core.processing - loading started
2025-07-26 22:37:47,096 [INFO] app.loading.parquet_loader - checking can we load the file sample_sensor_data.parquet
2025-07-26 22:37:47,096 [INFO] app.loading.parquet_loader - started loading file sample_sensor_data.parquet
2025-07-26 22:37:47,352 [INFO] app.loading.parquet_loader - file sample_sensor_data.parquet schema loaded to duckdb
2025-07-26 22:39:55,768 [INFO] app.core.processing - loading started
2025-07-26 22:39:55,768 [INFO] app.loading.parquet_loader - checking can we load the file sample_sensor_data.parquet
2025-07-26 22:39:55,768 [INFO] app.loading.parquet_loader - started loading file sample_sensor_data.parquet
2025-07-26 22:39:56,023 [INFO] app.loading.parquet_loader - file sample_sensor_data.parquet schema loaded to duckdb
2025-07-26 22:39:56,032 [DEBUG] app.core.processing - self.schema=     column_name   column_type null   key default extra
0      sensor_id       VARCHAR  YES  None    None  None
1      timestamp  TIMESTAMP_NS  YES  None    None  None
2   reading_type       VARCHAR  YES  None    None  None
3          value        DOUBLE  YES  None    None  None
4  battery_level        DOUBLE  YES  None    None  None 
      column_name   column_type null   key default extra
0      sensor_id       VARCHAR  YES  None    None  None
1      timestamp  TIMESTAMP_NS  YES  None    None  None
2   reading_type       VARCHAR  YES  None    None  None
3          value        DOUBLE  YES  None    None  None
4  battery_level        DOUBLE  YES  None    None  None
2025-07-26 22:40:30,084 [INFO] app.core.processing - loading started
2025-07-26 22:40:30,084 [INFO] app.loading.parquet_loader - checking can we load the file sample_sensor_data.parquet
2025-07-26 22:40:30,084 [INFO] app.loading.parquet_loader - started loading file sample_sensor_data.parquet
2025-07-26 22:40:30,340 [INFO] app.loading.parquet_loader - file sample_sensor_data.parquet schema loaded to duckdb
2025-07-26 22:40:30,357 [DEBUG] app.core.processing - self.schema=     column_name   column_type null   key default extra
0      sensor_id       VARCHAR  YES  None    None  None
1      timestamp  TIMESTAMP_NS  YES  None    None  None
2   reading_type       VARCHAR  YES  None    None  None
3          value        DOUBLE  YES  None    None  None
4  battery_level        DOUBLE  YES  None    None  None 
      column_name   column_type null   key default extra
0      sensor_id       VARCHAR  YES  None    None  None
1      timestamp  TIMESTAMP_NS  YES  None    None  None
2   reading_type       VARCHAR  YES  None    None  None
3          value        DOUBLE  YES  None    None  None
4  battery_level        DOUBLE  YES  None    None  None
2025-07-26 22:41:22,432 [INFO] app.core.processing - loading started
2025-07-26 22:41:22,433 [INFO] app.loading.parquet_loader - checking can we load the file sample_sensor_data.parquet
2025-07-26 22:41:22,433 [INFO] app.loading.parquet_loader - started loading file sample_sensor_data.parquet
2025-07-26 22:41:22,712 [INFO] app.loading.parquet_loader - file sample_sensor_data.parquet schema loaded to duckdb
2025-07-26 22:41:22,726 [DEBUG] app.core.processing - self.schema=     column_name   column_type null   key default extra
0      sensor_id       VARCHAR  YES  None    None  None
1      timestamp  TIMESTAMP_NS  YES  None    None  None
2   reading_type       VARCHAR  YES  None    None  None
3          value        DOUBLE  YES  None    None  None
4  battery_level        DOUBLE  YES  None    None  None 
    sensor_id                  timestamp reading_type  value  battery_level
0   sensor_5 2025-06-05 13:48:48.068905     humidity  28.20          77.90
1   sensor_2 2025-06-05 13:43:48.068905     humidity  15.73          48.88
2   sensor_1 2025-06-05 13:38:48.068905  temperature  25.85          62.65
3   sensor_5 2025-06-05 13:33:48.068905  temperature  24.68          53.57
4   sensor_5 2025-06-05 13:28:48.068905  temperature  24.60          29.22
5   sensor_4 2025-06-05 13:23:48.068905  temperature  26.41          26.97
6   sensor_4 2025-06-05 13:18:48.068905     humidity  27.91          53.23
7   sensor_3 2025-06-05 13:13:48.068905     humidity  33.29          43.47
8   sensor_5 2025-06-05 13:08:48.068905  temperature  11.24          54.02
9   sensor_5 2025-06-05 13:03:48.068905  temperature  13.34          83.95
10  sensor_2 2025-06-05 12:58:48.068905  temperature  15.31          94.81
11  sensor_1 2025-06-05 12:53:48.068905     humidity  30.86          52.54
12  sensor_5 2025-06-05 12:48:48.068905  temperature  27.23          27.00
13  sensor_1 2025-06-05 12:43:48.068905     humidity  29.27          25.34
14  sensor_5 2025-06-05 12:38:48.068905     humidity  30.39          61.16
15  sensor_4 2025-06-05 12:33:48.068905     humidity  14.69          77.96
16  sensor_2 2025-06-05 12:28:48.068905     humidity  21.02          85.21
17  sensor_4 2025-06-05 12:23:48.068905  temperature  17.36          82.70
18  sensor_2 2025-06-05 12:18:48.068905  temperature  32.49          29.62
19  sensor_5 2025-06-05 12:13:48.068905  temperature  13.01          93.70
20  sensor_3 2025-06-05 12:08:48.068905     humidity  25.59          53.11
21  sensor_5 2025-06-05 12:03:48.068905     humidity  26.42          75.20
22  sensor_2 2025-06-05 11:58:48.068905     humidity  24.05          39.85
23  sensor_4 2025-06-05 11:53:48.068905  temperature  27.54          73.98
24  sensor_5 2025-06-05 11:48:48.068905  temperature  18.70          74.42
25  sensor_1 2025-06-05 11:43:48.068905  temperature  25.75          98.73
26  sensor_1 2025-06-05 11:38:48.068905     humidity  12.12          40.98
27  sensor_4 2025-06-05 11:33:48.068905  temperature  22.25          44.47
28  sensor_2 2025-06-05 11:28:48.068905  temperature  20.78          66.20
29  sensor_4 2025-06-05 11:23:48.068905  temperature  32.10          80.55
2025-07-27 00:06:20,683 [INFO] app.core.processing - loading started
2025-07-27 00:06:20,683 [INFO] app.loading.parquet_loader - checking can we load the file sample_sensor_data.parquet
2025-07-27 00:06:20,683 [INFO] app.loading.parquet_loader - started loading file sample_sensor_data.parquet
2025-07-27 00:06:20,974 [INFO] app.loading.parquet_loader - file sample_sensor_data.parquet schema loaded to duckdb
2025-07-27 00:06:20,986 [DEBUG] app.core.processing - self.schema=     column_name   column_type null   key default extra
0      sensor_id       VARCHAR  YES  None    None  None
1      timestamp  TIMESTAMP_NS  YES  None    None  None
2   reading_type       VARCHAR  YES  None    None  None
3          value        DOUBLE  YES  None    None  None
4  battery_level        DOUBLE  YES  None    None  None 
    sensor_id                  timestamp reading_type  value  battery_level
0   sensor_5 2025-06-05 13:48:48.068905     humidity  28.20          77.90
1   sensor_2 2025-06-05 13:43:48.068905     humidity  15.73          48.88
2   sensor_1 2025-06-05 13:38:48.068905  temperature  25.85          62.65
3   sensor_5 2025-06-05 13:33:48.068905  temperature  24.68          53.57
4   sensor_5 2025-06-05 13:28:48.068905  temperature  24.60          29.22
5   sensor_4 2025-06-05 13:23:48.068905  temperature  26.41          26.97
6   sensor_4 2025-06-05 13:18:48.068905     humidity  27.91          53.23
7   sensor_3 2025-06-05 13:13:48.068905     humidity  33.29          43.47
8   sensor_5 2025-06-05 13:08:48.068905  temperature  11.24          54.02
9   sensor_5 2025-06-05 13:03:48.068905  temperature  13.34          83.95
10  sensor_2 2025-06-05 12:58:48.068905  temperature  15.31          94.81
11  sensor_1 2025-06-05 12:53:48.068905     humidity  30.86          52.54
12  sensor_5 2025-06-05 12:48:48.068905  temperature  27.23          27.00
13  sensor_1 2025-06-05 12:43:48.068905     humidity  29.27          25.34
14  sensor_5 2025-06-05 12:38:48.068905     humidity  30.39          61.16
15  sensor_4 2025-06-05 12:33:48.068905     humidity  14.69          77.96
16  sensor_2 2025-06-05 12:28:48.068905     humidity  21.02          85.21
17  sensor_4 2025-06-05 12:23:48.068905  temperature  17.36          82.70
18  sensor_2 2025-06-05 12:18:48.068905  temperature  32.49          29.62
19  sensor_5 2025-06-05 12:13:48.068905  temperature  13.01          93.70
20  sensor_3 2025-06-05 12:08:48.068905     humidity  25.59          53.11
21  sensor_5 2025-06-05 12:03:48.068905     humidity  26.42          75.20
22  sensor_2 2025-06-05 11:58:48.068905     humidity  24.05          39.85
23  sensor_4 2025-06-05 11:53:48.068905  temperature  27.54          73.98
24  sensor_5 2025-06-05 11:48:48.068905  temperature  18.70          74.42
25  sensor_1 2025-06-05 11:43:48.068905  temperature  25.75          98.73
26  sensor_1 2025-06-05 11:38:48.068905     humidity  12.12          40.98
27  sensor_4 2025-06-05 11:33:48.068905  temperature  22.25          44.47
28  sensor_2 2025-06-05 11:28:48.068905  temperature  20.78          66.20
29  sensor_4 2025-06-05 11:23:48.068905  temperature  32.10          80.55
2025-07-27 00:07:01,252 [INFO] app.core.processing - loading started
2025-07-27 00:07:01,252 [INFO] app.loading.parquet_loader - checking can we load the file sample_sensor_data.parquet
2025-07-27 00:07:01,252 [INFO] app.loading.parquet_loader - started loading file sample_sensor_data.parquet
2025-07-27 00:07:01,525 [INFO] app.loading.parquet_loader - file sample_sensor_data.parquet schema loaded to duckdb
2025-07-27 00:07:01,538 [DEBUG] app.core.processing - self.schema=     column_name   column_type null   key default extra
0      sensor_id       VARCHAR  YES  None    None  None
1      timestamp  TIMESTAMP_NS  YES  None    None  None
2   reading_type       VARCHAR  YES  None    None  None
3          value        DOUBLE  YES  None    None  None
4  battery_level        DOUBLE  YES  None    None  None 
    sensor_id                  timestamp reading_type  value  battery_level
0   sensor_5 2025-06-05 13:48:48.068905     humidity  28.20          77.90
1   sensor_2 2025-06-05 13:43:48.068905     humidity  15.73          48.88
2   sensor_1 2025-06-05 13:38:48.068905  temperature  25.85          62.65
3   sensor_5 2025-06-05 13:33:48.068905  temperature  24.68          53.57
4   sensor_5 2025-06-05 13:28:48.068905  temperature  24.60          29.22
5   sensor_4 2025-06-05 13:23:48.068905  temperature  26.41          26.97
6   sensor_4 2025-06-05 13:18:48.068905     humidity  27.91          53.23
7   sensor_3 2025-06-05 13:13:48.068905     humidity  33.29          43.47
8   sensor_5 2025-06-05 13:08:48.068905  temperature  11.24          54.02
9   sensor_5 2025-06-05 13:03:48.068905  temperature  13.34          83.95
10  sensor_2 2025-06-05 12:58:48.068905  temperature  15.31          94.81
11  sensor_1 2025-06-05 12:53:48.068905     humidity  30.86          52.54
12  sensor_5 2025-06-05 12:48:48.068905  temperature  27.23          27.00
13  sensor_1 2025-06-05 12:43:48.068905     humidity  29.27          25.34
14  sensor_5 2025-06-05 12:38:48.068905     humidity  30.39          61.16
15  sensor_4 2025-06-05 12:33:48.068905     humidity  14.69          77.96
16  sensor_2 2025-06-05 12:28:48.068905     humidity  21.02          85.21
17  sensor_4 2025-06-05 12:23:48.068905  temperature  17.36          82.70
18  sensor_2 2025-06-05 12:18:48.068905  temperature  32.49          29.62
19  sensor_5 2025-06-05 12:13:48.068905  temperature  13.01          93.70
20  sensor_3 2025-06-05 12:08:48.068905     humidity  25.59          53.11
21  sensor_5 2025-06-05 12:03:48.068905     humidity  26.42          75.20
22  sensor_2 2025-06-05 11:58:48.068905     humidity  24.05          39.85
23  sensor_4 2025-06-05 11:53:48.068905  temperature  27.54          73.98
24  sensor_5 2025-06-05 11:48:48.068905  temperature  18.70          74.42
25  sensor_1 2025-06-05 11:43:48.068905  temperature  25.75          98.73
26  sensor_1 2025-06-05 11:38:48.068905     humidity  12.12          40.98
27  sensor_4 2025-06-05 11:33:48.068905  temperature  22.25          44.47
28  sensor_2 2025-06-05 11:28:48.068905  temperature  20.78          66.20
29  sensor_4 2025-06-05 11:23:48.068905  temperature  32.10          80.55
2025-07-27 00:07:25,494 [INFO] app.core.processing - loading started
2025-07-27 00:07:25,495 [INFO] app.loading.parquet_loader - checking can we load the file sample_sensor_data.parquet
2025-07-27 00:07:25,495 [INFO] app.loading.parquet_loader - started loading file sample_sensor_data.parquet
2025-07-27 00:07:25,757 [INFO] app.loading.parquet_loader - file sample_sensor_data.parquet schema loaded to duckdb
2025-07-27 00:07:25,770 [DEBUG] app.core.processing - self.schema=     column_name   column_type null   key default extra
0      sensor_id       VARCHAR  YES  None    None  None
1      timestamp  TIMESTAMP_NS  YES  None    None  None
2   reading_type       VARCHAR  YES  None    None  None
3          value        DOUBLE  YES  None    None  None
4  battery_level        DOUBLE  YES  None    None  None 
    sensor_id                  timestamp reading_type  value  battery_level
0   sensor_5 2025-06-05 13:48:48.068905     humidity  28.20          77.90
1   sensor_2 2025-06-05 13:43:48.068905     humidity  15.73          48.88
2   sensor_1 2025-06-05 13:38:48.068905  temperature  25.85          62.65
3   sensor_5 2025-06-05 13:33:48.068905  temperature  24.68          53.57
4   sensor_5 2025-06-05 13:28:48.068905  temperature  24.60          29.22
5   sensor_4 2025-06-05 13:23:48.068905  temperature  26.41          26.97
6   sensor_4 2025-06-05 13:18:48.068905     humidity  27.91          53.23
7   sensor_3 2025-06-05 13:13:48.068905     humidity  33.29          43.47
8   sensor_5 2025-06-05 13:08:48.068905  temperature  11.24          54.02
9   sensor_5 2025-06-05 13:03:48.068905  temperature  13.34          83.95
10  sensor_2 2025-06-05 12:58:48.068905  temperature  15.31          94.81
11  sensor_1 2025-06-05 12:53:48.068905     humidity  30.86          52.54
12  sensor_5 2025-06-05 12:48:48.068905  temperature  27.23          27.00
13  sensor_1 2025-06-05 12:43:48.068905     humidity  29.27          25.34
14  sensor_5 2025-06-05 12:38:48.068905     humidity  30.39          61.16
15  sensor_4 2025-06-05 12:33:48.068905     humidity  14.69          77.96
16  sensor_2 2025-06-05 12:28:48.068905     humidity  21.02          85.21
17  sensor_4 2025-06-05 12:23:48.068905  temperature  17.36          82.70
18  sensor_2 2025-06-05 12:18:48.068905  temperature  32.49          29.62
19  sensor_5 2025-06-05 12:13:48.068905  temperature  13.01          93.70
20  sensor_3 2025-06-05 12:08:48.068905     humidity  25.59          53.11
21  sensor_5 2025-06-05 12:03:48.068905     humidity  26.42          75.20
22  sensor_2 2025-06-05 11:58:48.068905     humidity  24.05          39.85
23  sensor_4 2025-06-05 11:53:48.068905  temperature  27.54          73.98
24  sensor_5 2025-06-05 11:48:48.068905  temperature  18.70          74.42
25  sensor_1 2025-06-05 11:43:48.068905  temperature  25.75          98.73
26  sensor_1 2025-06-05 11:38:48.068905     humidity  12.12          40.98
27  sensor_4 2025-06-05 11:33:48.068905  temperature  22.25          44.47
28  sensor_2 2025-06-05 11:28:48.068905  temperature  20.78          66.20
29  sensor_4 2025-06-05 11:23:48.068905  temperature  32.10          80.55
2025-07-27 00:07:25,770 [INFO] app.core.processing - initialising validors
2025-07-27 00:08:07,430 [INFO] app.core.processing - loading started
2025-07-27 00:08:07,430 [INFO] app.loading.parquet_loader - checking can we load the file sample_sensor_data.parquet
2025-07-27 00:08:07,430 [INFO] app.loading.parquet_loader - started loading file sample_sensor_data.parquet
2025-07-27 00:08:07,731 [INFO] app.loading.parquet_loader - file sample_sensor_data.parquet schema loaded to duckdb
2025-07-27 00:08:07,743 [DEBUG] app.core.processing - self.schema=     column_name   column_type null   key default extra
0      sensor_id       VARCHAR  YES  None    None  None
1      timestamp  TIMESTAMP_NS  YES  None    None  None
2   reading_type       VARCHAR  YES  None    None  None
3          value        DOUBLE  YES  None    None  None
4  battery_level        DOUBLE  YES  None    None  None 
    sensor_id                  timestamp reading_type  value  battery_level
0   sensor_5 2025-06-05 13:48:48.068905     humidity  28.20          77.90
1   sensor_2 2025-06-05 13:43:48.068905     humidity  15.73          48.88
2   sensor_1 2025-06-05 13:38:48.068905  temperature  25.85          62.65
3   sensor_5 2025-06-05 13:33:48.068905  temperature  24.68          53.57
4   sensor_5 2025-06-05 13:28:48.068905  temperature  24.60          29.22
5   sensor_4 2025-06-05 13:23:48.068905  temperature  26.41          26.97
6   sensor_4 2025-06-05 13:18:48.068905     humidity  27.91          53.23
7   sensor_3 2025-06-05 13:13:48.068905     humidity  33.29          43.47
8   sensor_5 2025-06-05 13:08:48.068905  temperature  11.24          54.02
9   sensor_5 2025-06-05 13:03:48.068905  temperature  13.34          83.95
10  sensor_2 2025-06-05 12:58:48.068905  temperature  15.31          94.81
11  sensor_1 2025-06-05 12:53:48.068905     humidity  30.86          52.54
12  sensor_5 2025-06-05 12:48:48.068905  temperature  27.23          27.00
13  sensor_1 2025-06-05 12:43:48.068905     humidity  29.27          25.34
14  sensor_5 2025-06-05 12:38:48.068905     humidity  30.39          61.16
15  sensor_4 2025-06-05 12:33:48.068905     humidity  14.69          77.96
16  sensor_2 2025-06-05 12:28:48.068905     humidity  21.02          85.21
17  sensor_4 2025-06-05 12:23:48.068905  temperature  17.36          82.70
18  sensor_2 2025-06-05 12:18:48.068905  temperature  32.49          29.62
19  sensor_5 2025-06-05 12:13:48.068905  temperature  13.01          93.70
20  sensor_3 2025-06-05 12:08:48.068905     humidity  25.59          53.11
21  sensor_5 2025-06-05 12:03:48.068905     humidity  26.42          75.20
22  sensor_2 2025-06-05 11:58:48.068905     humidity  24.05          39.85
23  sensor_4 2025-06-05 11:53:48.068905  temperature  27.54          73.98
24  sensor_5 2025-06-05 11:48:48.068905  temperature  18.70          74.42
25  sensor_1 2025-06-05 11:43:48.068905  temperature  25.75          98.73
26  sensor_1 2025-06-05 11:38:48.068905     humidity  12.12          40.98
27  sensor_4 2025-06-05 11:33:48.068905  temperature  22.25          44.47
28  sensor_2 2025-06-05 11:28:48.068905  temperature  20.78          66.20
29  sensor_4 2025-06-05 11:23:48.068905  temperature  32.10          80.55
2025-07-27 00:08:07,743 [INFO] app.core.processing - initialising validors
2025-07-27 00:08:07,743 [INFO] app.core.processing - validators classes inititalised
2025-07-27 00:08:07,743 [DEBUG] app.core.processing - list_validator_classes_list=[]
2025-07-27 00:09:02,929 [INFO] app.core.processing - loading started
2025-07-27 00:09:02,930 [INFO] app.loading.parquet_loader - checking can we load the file sample_sensor_data.parquet
2025-07-27 00:09:02,930 [INFO] app.loading.parquet_loader - started loading file sample_sensor_data.parquet
2025-07-27 00:09:03,236 [INFO] app.loading.parquet_loader - file sample_sensor_data.parquet schema loaded to duckdb
2025-07-27 00:09:03,249 [DEBUG] app.core.processing - self.schema=     column_name   column_type null   key default extra
0      sensor_id       VARCHAR  YES  None    None  None
1      timestamp  TIMESTAMP_NS  YES  None    None  None
2   reading_type       VARCHAR  YES  None    None  None
3          value        DOUBLE  YES  None    None  None
4  battery_level        DOUBLE  YES  None    None  None 
    sensor_id                  timestamp reading_type  value  battery_level
0   sensor_5 2025-06-05 13:48:48.068905     humidity  28.20          77.90
1   sensor_2 2025-06-05 13:43:48.068905     humidity  15.73          48.88
2   sensor_1 2025-06-05 13:38:48.068905  temperature  25.85          62.65
3   sensor_5 2025-06-05 13:33:48.068905  temperature  24.68          53.57
4   sensor_5 2025-06-05 13:28:48.068905  temperature  24.60          29.22
5   sensor_4 2025-06-05 13:23:48.068905  temperature  26.41          26.97
6   sensor_4 2025-06-05 13:18:48.068905     humidity  27.91          53.23
7   sensor_3 2025-06-05 13:13:48.068905     humidity  33.29          43.47
8   sensor_5 2025-06-05 13:08:48.068905  temperature  11.24          54.02
9   sensor_5 2025-06-05 13:03:48.068905  temperature  13.34          83.95
10  sensor_2 2025-06-05 12:58:48.068905  temperature  15.31          94.81
11  sensor_1 2025-06-05 12:53:48.068905     humidity  30.86          52.54
12  sensor_5 2025-06-05 12:48:48.068905  temperature  27.23          27.00
13  sensor_1 2025-06-05 12:43:48.068905     humidity  29.27          25.34
14  sensor_5 2025-06-05 12:38:48.068905     humidity  30.39          61.16
15  sensor_4 2025-06-05 12:33:48.068905     humidity  14.69          77.96
16  sensor_2 2025-06-05 12:28:48.068905     humidity  21.02          85.21
17  sensor_4 2025-06-05 12:23:48.068905  temperature  17.36          82.70
18  sensor_2 2025-06-05 12:18:48.068905  temperature  32.49          29.62
19  sensor_5 2025-06-05 12:13:48.068905  temperature  13.01          93.70
20  sensor_3 2025-06-05 12:08:48.068905     humidity  25.59          53.11
21  sensor_5 2025-06-05 12:03:48.068905     humidity  26.42          75.20
22  sensor_2 2025-06-05 11:58:48.068905     humidity  24.05          39.85
23  sensor_4 2025-06-05 11:53:48.068905  temperature  27.54          73.98
24  sensor_5 2025-06-05 11:48:48.068905  temperature  18.70          74.42
25  sensor_1 2025-06-05 11:43:48.068905  temperature  25.75          98.73
26  sensor_1 2025-06-05 11:38:48.068905     humidity  12.12          40.98
27  sensor_4 2025-06-05 11:33:48.068905  temperature  22.25          44.47
28  sensor_2 2025-06-05 11:28:48.068905  temperature  20.78          66.20
29  sensor_4 2025-06-05 11:23:48.068905  temperature  32.10          80.55
2025-07-27 00:09:03,249 [INFO] app.core.processing - initialising validors
2025-07-27 00:09:03,249 [DEBUG] app.core.processing - ['app.validators.schema_validator.SchemaValidator']
2025-07-27 00:09:03,249 [INFO] app.core.processing - validators classes inititalised
2025-07-27 00:09:03,249 [DEBUG] app.core.processing - list_validator_classes_list=[]
2025-07-27 00:14:01,975 [INFO] app.core.processing - loading started
2025-07-27 00:14:01,976 [INFO] app.loading.parquet_loader - checking can we load the file sample_sensor_data.parquet
2025-07-27 00:14:01,976 [INFO] app.loading.parquet_loader - started loading file sample_sensor_data.parquet
2025-07-27 00:14:02,277 [INFO] app.loading.parquet_loader - file sample_sensor_data.parquet schema loaded to duckdb
2025-07-27 00:14:02,289 [DEBUG] app.core.processing - self.schema=     column_name   column_type null   key default extra
0      sensor_id       VARCHAR  YES  None    None  None
1      timestamp  TIMESTAMP_NS  YES  None    None  None
2   reading_type       VARCHAR  YES  None    None  None
3          value        DOUBLE  YES  None    None  None
4  battery_level        DOUBLE  YES  None    None  None 
    sensor_id                  timestamp reading_type  value  battery_level
0   sensor_5 2025-06-05 13:48:48.068905     humidity  28.20          77.90
1   sensor_2 2025-06-05 13:43:48.068905     humidity  15.73          48.88
2   sensor_1 2025-06-05 13:38:48.068905  temperature  25.85          62.65
3   sensor_5 2025-06-05 13:33:48.068905  temperature  24.68          53.57
4   sensor_5 2025-06-05 13:28:48.068905  temperature  24.60          29.22
5   sensor_4 2025-06-05 13:23:48.068905  temperature  26.41          26.97
6   sensor_4 2025-06-05 13:18:48.068905     humidity  27.91          53.23
7   sensor_3 2025-06-05 13:13:48.068905     humidity  33.29          43.47
8   sensor_5 2025-06-05 13:08:48.068905  temperature  11.24          54.02
9   sensor_5 2025-06-05 13:03:48.068905  temperature  13.34          83.95
10  sensor_2 2025-06-05 12:58:48.068905  temperature  15.31          94.81
11  sensor_1 2025-06-05 12:53:48.068905     humidity  30.86          52.54
12  sensor_5 2025-06-05 12:48:48.068905  temperature  27.23          27.00
13  sensor_1 2025-06-05 12:43:48.068905     humidity  29.27          25.34
14  sensor_5 2025-06-05 12:38:48.068905     humidity  30.39          61.16
15  sensor_4 2025-06-05 12:33:48.068905     humidity  14.69          77.96
16  sensor_2 2025-06-05 12:28:48.068905     humidity  21.02          85.21
17  sensor_4 2025-06-05 12:23:48.068905  temperature  17.36          82.70
18  sensor_2 2025-06-05 12:18:48.068905  temperature  32.49          29.62
19  sensor_5 2025-06-05 12:13:48.068905  temperature  13.01          93.70
20  sensor_3 2025-06-05 12:08:48.068905     humidity  25.59          53.11
21  sensor_5 2025-06-05 12:03:48.068905     humidity  26.42          75.20
22  sensor_2 2025-06-05 11:58:48.068905     humidity  24.05          39.85
23  sensor_4 2025-06-05 11:53:48.068905  temperature  27.54          73.98
24  sensor_5 2025-06-05 11:48:48.068905  temperature  18.70          74.42
25  sensor_1 2025-06-05 11:43:48.068905  temperature  25.75          98.73
26  sensor_1 2025-06-05 11:38:48.068905     humidity  12.12          40.98
27  sensor_4 2025-06-05 11:33:48.068905  temperature  22.25          44.47
28  sensor_2 2025-06-05 11:28:48.068905  temperature  20.78          66.20
29  sensor_4 2025-06-05 11:23:48.068905  temperature  32.10          80.55
2025-07-27 00:14:02,289 [INFO] app.core.processing - initialising validors
2025-07-27 00:14:02,289 [DEBUG] app.core.processing - ['app.validators.schema_validator.SchemaValidator']
2025-07-27 00:14:02,289 [INFO] app.core.processing - validators classes inititalised
2025-07-27 00:14:02,289 [DEBUG] app.core.processing - list_validator_classes_list=[]
2025-07-27 00:16:14,924 [INFO] app.core.processing - loading started
2025-07-27 00:16:14,925 [INFO] app.loading.parquet_loader - checking can we load the file sample_sensor_data.parquet
2025-07-27 00:16:14,925 [INFO] app.loading.parquet_loader - started loading file sample_sensor_data.parquet
2025-07-27 00:16:15,259 [INFO] app.loading.parquet_loader - file sample_sensor_data.parquet schema loaded to duckdb
2025-07-27 00:16:15,271 [DEBUG] app.core.processing - self.schema=     column_name   column_type null   key default extra
0      sensor_id       VARCHAR  YES  None    None  None
1      timestamp  TIMESTAMP_NS  YES  None    None  None
2   reading_type       VARCHAR  YES  None    None  None
3          value        DOUBLE  YES  None    None  None
4  battery_level        DOUBLE  YES  None    None  None 
    sensor_id                  timestamp reading_type  value  battery_level
0   sensor_5 2025-06-05 13:48:48.068905     humidity  28.20          77.90
1   sensor_2 2025-06-05 13:43:48.068905     humidity  15.73          48.88
2   sensor_1 2025-06-05 13:38:48.068905  temperature  25.85          62.65
3   sensor_5 2025-06-05 13:33:48.068905  temperature  24.68          53.57
4   sensor_5 2025-06-05 13:28:48.068905  temperature  24.60          29.22
5   sensor_4 2025-06-05 13:23:48.068905  temperature  26.41          26.97
6   sensor_4 2025-06-05 13:18:48.068905     humidity  27.91          53.23
7   sensor_3 2025-06-05 13:13:48.068905     humidity  33.29          43.47
8   sensor_5 2025-06-05 13:08:48.068905  temperature  11.24          54.02
9   sensor_5 2025-06-05 13:03:48.068905  temperature  13.34          83.95
10  sensor_2 2025-06-05 12:58:48.068905  temperature  15.31          94.81
11  sensor_1 2025-06-05 12:53:48.068905     humidity  30.86          52.54
12  sensor_5 2025-06-05 12:48:48.068905  temperature  27.23          27.00
13  sensor_1 2025-06-05 12:43:48.068905     humidity  29.27          25.34
14  sensor_5 2025-06-05 12:38:48.068905     humidity  30.39          61.16
15  sensor_4 2025-06-05 12:33:48.068905     humidity  14.69          77.96
16  sensor_2 2025-06-05 12:28:48.068905     humidity  21.02          85.21
17  sensor_4 2025-06-05 12:23:48.068905  temperature  17.36          82.70
18  sensor_2 2025-06-05 12:18:48.068905  temperature  32.49          29.62
19  sensor_5 2025-06-05 12:13:48.068905  temperature  13.01          93.70
20  sensor_3 2025-06-05 12:08:48.068905     humidity  25.59          53.11
21  sensor_5 2025-06-05 12:03:48.068905     humidity  26.42          75.20
22  sensor_2 2025-06-05 11:58:48.068905     humidity  24.05          39.85
23  sensor_4 2025-06-05 11:53:48.068905  temperature  27.54          73.98
24  sensor_5 2025-06-05 11:48:48.068905  temperature  18.70          74.42
25  sensor_1 2025-06-05 11:43:48.068905  temperature  25.75          98.73
26  sensor_1 2025-06-05 11:38:48.068905     humidity  12.12          40.98
27  sensor_4 2025-06-05 11:33:48.068905  temperature  22.25          44.47
28  sensor_2 2025-06-05 11:28:48.068905  temperature  20.78          66.20
29  sensor_4 2025-06-05 11:23:48.068905  temperature  32.10          80.55
2025-07-27 00:16:15,271 [INFO] app.core.processing - initialising validors
2025-07-27 00:16:15,271 [DEBUG] app.core.processing - ['app.validators.schema_validator.SchemaValidator']
2025-07-27 00:16:15,271 [INFO] app.core.processing - validators classes inititalised
2025-07-27 00:16:15,271 [DEBUG] app.core.processing - list_validator_classes_list=[<app.validators.schema_validator.SchemaValidator object at 0x77ea47fff290>]
2025-07-27 00:16:15,272 [DEBUG] app.core.processing - Loaded validator: SchemaValidator
2025-07-27 00:16:42,949 [INFO] app.core.processing - loading started
2025-07-27 00:16:42,949 [INFO] app.loading.parquet_loader - checking can we load the file sample_sensor_data.parquet
2025-07-27 00:16:42,949 [INFO] app.loading.parquet_loader - started loading file sample_sensor_data.parquet
2025-07-27 00:16:43,249 [INFO] app.loading.parquet_loader - file sample_sensor_data.parquet schema loaded to duckdb
2025-07-27 00:16:43,261 [DEBUG] app.core.processing - self.schema=     column_name   column_type null   key default extra
0      sensor_id       VARCHAR  YES  None    None  None
1      timestamp  TIMESTAMP_NS  YES  None    None  None
2   reading_type       VARCHAR  YES  None    None  None
3          value        DOUBLE  YES  None    None  None
4  battery_level        DOUBLE  YES  None    None  None 
    sensor_id                  timestamp reading_type  value  battery_level
0   sensor_5 2025-06-05 13:48:48.068905     humidity  28.20          77.90
1   sensor_2 2025-06-05 13:43:48.068905     humidity  15.73          48.88
2   sensor_1 2025-06-05 13:38:48.068905  temperature  25.85          62.65
3   sensor_5 2025-06-05 13:33:48.068905  temperature  24.68          53.57
4   sensor_5 2025-06-05 13:28:48.068905  temperature  24.60          29.22
5   sensor_4 2025-06-05 13:23:48.068905  temperature  26.41          26.97
6   sensor_4 2025-06-05 13:18:48.068905     humidity  27.91          53.23
7   sensor_3 2025-06-05 13:13:48.068905     humidity  33.29          43.47
8   sensor_5 2025-06-05 13:08:48.068905  temperature  11.24          54.02
9   sensor_5 2025-06-05 13:03:48.068905  temperature  13.34          83.95
10  sensor_2 2025-06-05 12:58:48.068905  temperature  15.31          94.81
11  sensor_1 2025-06-05 12:53:48.068905     humidity  30.86          52.54
12  sensor_5 2025-06-05 12:48:48.068905  temperature  27.23          27.00
13  sensor_1 2025-06-05 12:43:48.068905     humidity  29.27          25.34
14  sensor_5 2025-06-05 12:38:48.068905     humidity  30.39          61.16
15  sensor_4 2025-06-05 12:33:48.068905     humidity  14.69          77.96
16  sensor_2 2025-06-05 12:28:48.068905     humidity  21.02          85.21
17  sensor_4 2025-06-05 12:23:48.068905  temperature  17.36          82.70
18  sensor_2 2025-06-05 12:18:48.068905  temperature  32.49          29.62
19  sensor_5 2025-06-05 12:13:48.068905  temperature  13.01          93.70
20  sensor_3 2025-06-05 12:08:48.068905     humidity  25.59          53.11
21  sensor_5 2025-06-05 12:03:48.068905     humidity  26.42          75.20
22  sensor_2 2025-06-05 11:58:48.068905     humidity  24.05          39.85
23  sensor_4 2025-06-05 11:53:48.068905  temperature  27.54          73.98
24  sensor_5 2025-06-05 11:48:48.068905  temperature  18.70          74.42
25  sensor_1 2025-06-05 11:43:48.068905  temperature  25.75          98.73
26  sensor_1 2025-06-05 11:38:48.068905     humidity  12.12          40.98
27  sensor_4 2025-06-05 11:33:48.068905  temperature  22.25          44.47
28  sensor_2 2025-06-05 11:28:48.068905  temperature  20.78          66.20
29  sensor_4 2025-06-05 11:23:48.068905  temperature  32.10          80.55
2025-07-27 00:16:43,261 [INFO] app.core.processing - initialising validors
2025-07-27 00:16:43,261 [DEBUG] app.core.processing - ['app.validators.schema_validator.SchemaValidator']
2025-07-27 00:16:43,261 [INFO] app.core.processing - validators classes inititalised
2025-07-27 00:16:43,261 [DEBUG] app.core.processing - list_validator_classes_list=[<app.validators.schema_validator.SchemaValidator object at 0x7c9a77db88f0>]
2025-07-27 00:17:02,408 [INFO] app.core.processing - loading started
2025-07-27 00:17:02,408 [INFO] app.loading.parquet_loader - checking can we load the file sample_sensor_data.parquet
2025-07-27 00:17:02,408 [INFO] app.loading.parquet_loader - started loading file sample_sensor_data.parquet
2025-07-27 00:17:02,675 [INFO] app.loading.parquet_loader - file sample_sensor_data.parquet schema loaded to duckdb
2025-07-27 00:17:02,687 [DEBUG] app.core.processing - self.schema=     column_name   column_type null   key default extra
0      sensor_id       VARCHAR  YES  None    None  None
1      timestamp  TIMESTAMP_NS  YES  None    None  None
2   reading_type       VARCHAR  YES  None    None  None
3          value        DOUBLE  YES  None    None  None
4  battery_level        DOUBLE  YES  None    None  None 
    sensor_id                  timestamp reading_type  value  battery_level
0   sensor_5 2025-06-05 13:48:48.068905     humidity  28.20          77.90
1   sensor_2 2025-06-05 13:43:48.068905     humidity  15.73          48.88
2   sensor_1 2025-06-05 13:38:48.068905  temperature  25.85          62.65
3   sensor_5 2025-06-05 13:33:48.068905  temperature  24.68          53.57
4   sensor_5 2025-06-05 13:28:48.068905  temperature  24.60          29.22
5   sensor_4 2025-06-05 13:23:48.068905  temperature  26.41          26.97
6   sensor_4 2025-06-05 13:18:48.068905     humidity  27.91          53.23
7   sensor_3 2025-06-05 13:13:48.068905     humidity  33.29          43.47
8   sensor_5 2025-06-05 13:08:48.068905  temperature  11.24          54.02
9   sensor_5 2025-06-05 13:03:48.068905  temperature  13.34          83.95
10  sensor_2 2025-06-05 12:58:48.068905  temperature  15.31          94.81
11  sensor_1 2025-06-05 12:53:48.068905     humidity  30.86          52.54
12  sensor_5 2025-06-05 12:48:48.068905  temperature  27.23          27.00
13  sensor_1 2025-06-05 12:43:48.068905     humidity  29.27          25.34
14  sensor_5 2025-06-05 12:38:48.068905     humidity  30.39          61.16
15  sensor_4 2025-06-05 12:33:48.068905     humidity  14.69          77.96
16  sensor_2 2025-06-05 12:28:48.068905     humidity  21.02          85.21
17  sensor_4 2025-06-05 12:23:48.068905  temperature  17.36          82.70
18  sensor_2 2025-06-05 12:18:48.068905  temperature  32.49          29.62
19  sensor_5 2025-06-05 12:13:48.068905  temperature  13.01          93.70
20  sensor_3 2025-06-05 12:08:48.068905     humidity  25.59          53.11
21  sensor_5 2025-06-05 12:03:48.068905     humidity  26.42          75.20
22  sensor_2 2025-06-05 11:58:48.068905     humidity  24.05          39.85
23  sensor_4 2025-06-05 11:53:48.068905  temperature  27.54          73.98
24  sensor_5 2025-06-05 11:48:48.068905  temperature  18.70          74.42
25  sensor_1 2025-06-05 11:43:48.068905  temperature  25.75          98.73
26  sensor_1 2025-06-05 11:38:48.068905     humidity  12.12          40.98
27  sensor_4 2025-06-05 11:33:48.068905  temperature  22.25          44.47
28  sensor_2 2025-06-05 11:28:48.068905  temperature  20.78          66.20
29  sensor_4 2025-06-05 11:23:48.068905  temperature  32.10          80.55
2025-07-27 00:17:02,688 [INFO] app.core.processing - initialising validors
2025-07-27 00:17:02,688 [DEBUG] app.core.processing - self.context.config['validator_classes']=['app.validators.schema_validator.SchemaValidator']
2025-07-27 00:17:02,688 [INFO] app.core.processing - validators classes inititalised
2025-07-27 00:17:02,688 [DEBUG] app.core.processing - list_validator_classes_list=[<app.validators.schema_validator.SchemaValidator object at 0x76b61f3ec4a0>]
2025-07-27 00:28:02,406 [INFO] app.core.processing - loading started
2025-07-27 00:28:02,407 [INFO] app.loading.parquet_loader - checking can we load the file sample_sensor_data.parquet
2025-07-27 00:28:02,407 [INFO] app.loading.parquet_loader - started loading file sample_sensor_data.parquet
2025-07-27 00:28:02,687 [INFO] app.loading.parquet_loader - file sample_sensor_data.parquet schema loaded to duckdb
2025-07-27 00:28:02,698 [DEBUG] app.core.processing - self.schema=     column_name   column_type null   key default extra
0      sensor_id       VARCHAR  YES  None    None  None
1      timestamp  TIMESTAMP_NS  YES  None    None  None
2   reading_type       VARCHAR  YES  None    None  None
3          value        DOUBLE  YES  None    None  None
4  battery_level        DOUBLE  YES  None    None  None 
    sensor_id                  timestamp reading_type  value  battery_level
0   sensor_5 2025-06-05 13:48:48.068905     humidity  28.20          77.90
1   sensor_2 2025-06-05 13:43:48.068905     humidity  15.73          48.88
2   sensor_1 2025-06-05 13:38:48.068905  temperature  25.85          62.65
3   sensor_5 2025-06-05 13:33:48.068905  temperature  24.68          53.57
4   sensor_5 2025-06-05 13:28:48.068905  temperature  24.60          29.22
5   sensor_4 2025-06-05 13:23:48.068905  temperature  26.41          26.97
6   sensor_4 2025-06-05 13:18:48.068905     humidity  27.91          53.23
7   sensor_3 2025-06-05 13:13:48.068905     humidity  33.29          43.47
8   sensor_5 2025-06-05 13:08:48.068905  temperature  11.24          54.02
9   sensor_5 2025-06-05 13:03:48.068905  temperature  13.34          83.95
10  sensor_2 2025-06-05 12:58:48.068905  temperature  15.31          94.81
11  sensor_1 2025-06-05 12:53:48.068905     humidity  30.86          52.54
12  sensor_5 2025-06-05 12:48:48.068905  temperature  27.23          27.00
13  sensor_1 2025-06-05 12:43:48.068905     humidity  29.27          25.34
14  sensor_5 2025-06-05 12:38:48.068905     humidity  30.39          61.16
15  sensor_4 2025-06-05 12:33:48.068905     humidity  14.69          77.96
16  sensor_2 2025-06-05 12:28:48.068905     humidity  21.02          85.21
17  sensor_4 2025-06-05 12:23:48.068905  temperature  17.36          82.70
18  sensor_2 2025-06-05 12:18:48.068905  temperature  32.49          29.62
19  sensor_5 2025-06-05 12:13:48.068905  temperature  13.01          93.70
20  sensor_3 2025-06-05 12:08:48.068905     humidity  25.59          53.11
21  sensor_5 2025-06-05 12:03:48.068905     humidity  26.42          75.20
22  sensor_2 2025-06-05 11:58:48.068905     humidity  24.05          39.85
23  sensor_4 2025-06-05 11:53:48.068905  temperature  27.54          73.98
24  sensor_5 2025-06-05 11:48:48.068905  temperature  18.70          74.42
25  sensor_1 2025-06-05 11:43:48.068905  temperature  25.75          98.73
26  sensor_1 2025-06-05 11:38:48.068905     humidity  12.12          40.98
27  sensor_4 2025-06-05 11:33:48.068905  temperature  22.25          44.47
28  sensor_2 2025-06-05 11:28:48.068905  temperature  20.78          66.20
29  sensor_4 2025-06-05 11:23:48.068905  temperature  32.10          80.55
2025-07-27 00:28:02,699 [INFO] app.core.processing - initialising validors
2025-07-27 00:28:02,699 [DEBUG] app.core.processing - self.context.config['validator_classes']=['app.validators.schema_validator.SchemaValidator']
2025-07-27 00:28:55,240 [INFO] app.core.processing - loading started
2025-07-27 00:28:55,240 [INFO] app.loading.parquet_loader - checking can we load the file sample_sensor_data.parquet
2025-07-27 00:28:55,240 [INFO] app.loading.parquet_loader - started loading file sample_sensor_data.parquet
2025-07-27 00:28:55,505 [INFO] app.loading.parquet_loader - file sample_sensor_data.parquet schema loaded to duckdb
2025-07-27 00:28:55,517 [DEBUG] app.core.processing - self.schema=     column_name   column_type null   key default extra
0      sensor_id       VARCHAR  YES  None    None  None
1      timestamp  TIMESTAMP_NS  YES  None    None  None
2   reading_type       VARCHAR  YES  None    None  None
3          value        DOUBLE  YES  None    None  None
4  battery_level        DOUBLE  YES  None    None  None 
    sensor_id                  timestamp reading_type  value  battery_level
0   sensor_5 2025-06-05 13:48:48.068905     humidity  28.20          77.90
1   sensor_2 2025-06-05 13:43:48.068905     humidity  15.73          48.88
2   sensor_1 2025-06-05 13:38:48.068905  temperature  25.85          62.65
3   sensor_5 2025-06-05 13:33:48.068905  temperature  24.68          53.57
4   sensor_5 2025-06-05 13:28:48.068905  temperature  24.60          29.22
5   sensor_4 2025-06-05 13:23:48.068905  temperature  26.41          26.97
6   sensor_4 2025-06-05 13:18:48.068905     humidity  27.91          53.23
7   sensor_3 2025-06-05 13:13:48.068905     humidity  33.29          43.47
8   sensor_5 2025-06-05 13:08:48.068905  temperature  11.24          54.02
9   sensor_5 2025-06-05 13:03:48.068905  temperature  13.34          83.95
10  sensor_2 2025-06-05 12:58:48.068905  temperature  15.31          94.81
11  sensor_1 2025-06-05 12:53:48.068905     humidity  30.86          52.54
12  sensor_5 2025-06-05 12:48:48.068905  temperature  27.23          27.00
13  sensor_1 2025-06-05 12:43:48.068905     humidity  29.27          25.34
14  sensor_5 2025-06-05 12:38:48.068905     humidity  30.39          61.16
15  sensor_4 2025-06-05 12:33:48.068905     humidity  14.69          77.96
16  sensor_2 2025-06-05 12:28:48.068905     humidity  21.02          85.21
17  sensor_4 2025-06-05 12:23:48.068905  temperature  17.36          82.70
18  sensor_2 2025-06-05 12:18:48.068905  temperature  32.49          29.62
19  sensor_5 2025-06-05 12:13:48.068905  temperature  13.01          93.70
20  sensor_3 2025-06-05 12:08:48.068905     humidity  25.59          53.11
21  sensor_5 2025-06-05 12:03:48.068905     humidity  26.42          75.20
22  sensor_2 2025-06-05 11:58:48.068905     humidity  24.05          39.85
23  sensor_4 2025-06-05 11:53:48.068905  temperature  27.54          73.98
24  sensor_5 2025-06-05 11:48:48.068905  temperature  18.70          74.42
25  sensor_1 2025-06-05 11:43:48.068905  temperature  25.75          98.73
26  sensor_1 2025-06-05 11:38:48.068905     humidity  12.12          40.98
27  sensor_4 2025-06-05 11:33:48.068905  temperature  22.25          44.47
28  sensor_2 2025-06-05 11:28:48.068905  temperature  20.78          66.20
29  sensor_4 2025-06-05 11:23:48.068905  temperature  32.10          80.55
2025-07-27 00:28:55,517 [INFO] app.core.processing - initialising validors
2025-07-27 00:28:55,518 [DEBUG] app.core.processing - self.context.config['validator_classes']=['app.validators.schema_validator.SchemaValidator']
2025-07-27 00:29:16,251 [INFO] app.core.processing - loading started
2025-07-27 00:29:16,251 [INFO] app.loading.parquet_loader - checking can we load the file sample_sensor_data.parquet
2025-07-27 00:29:16,251 [INFO] app.loading.parquet_loader - started loading file sample_sensor_data.parquet
2025-07-27 00:29:16,514 [INFO] app.loading.parquet_loader - file sample_sensor_data.parquet schema loaded to duckdb
2025-07-27 00:29:16,526 [DEBUG] app.core.processing - self.schema=     column_name   column_type null   key default extra
0      sensor_id       VARCHAR  YES  None    None  None
1      timestamp  TIMESTAMP_NS  YES  None    None  None
2   reading_type       VARCHAR  YES  None    None  None
3          value        DOUBLE  YES  None    None  None
4  battery_level        DOUBLE  YES  None    None  None 
    sensor_id                  timestamp reading_type  value  battery_level
0   sensor_5 2025-06-05 13:48:48.068905     humidity  28.20          77.90
1   sensor_2 2025-06-05 13:43:48.068905     humidity  15.73          48.88
2   sensor_1 2025-06-05 13:38:48.068905  temperature  25.85          62.65
3   sensor_5 2025-06-05 13:33:48.068905  temperature  24.68          53.57
4   sensor_5 2025-06-05 13:28:48.068905  temperature  24.60          29.22
5   sensor_4 2025-06-05 13:23:48.068905  temperature  26.41          26.97
6   sensor_4 2025-06-05 13:18:48.068905     humidity  27.91          53.23
7   sensor_3 2025-06-05 13:13:48.068905     humidity  33.29          43.47
8   sensor_5 2025-06-05 13:08:48.068905  temperature  11.24          54.02
9   sensor_5 2025-06-05 13:03:48.068905  temperature  13.34          83.95
10  sensor_2 2025-06-05 12:58:48.068905  temperature  15.31          94.81
11  sensor_1 2025-06-05 12:53:48.068905     humidity  30.86          52.54
12  sensor_5 2025-06-05 12:48:48.068905  temperature  27.23          27.00
13  sensor_1 2025-06-05 12:43:48.068905     humidity  29.27          25.34
14  sensor_5 2025-06-05 12:38:48.068905     humidity  30.39          61.16
15  sensor_4 2025-06-05 12:33:48.068905     humidity  14.69          77.96
16  sensor_2 2025-06-05 12:28:48.068905     humidity  21.02          85.21
17  sensor_4 2025-06-05 12:23:48.068905  temperature  17.36          82.70
18  sensor_2 2025-06-05 12:18:48.068905  temperature  32.49          29.62
19  sensor_5 2025-06-05 12:13:48.068905  temperature  13.01          93.70
20  sensor_3 2025-06-05 12:08:48.068905     humidity  25.59          53.11
21  sensor_5 2025-06-05 12:03:48.068905     humidity  26.42          75.20
22  sensor_2 2025-06-05 11:58:48.068905     humidity  24.05          39.85
23  sensor_4 2025-06-05 11:53:48.068905  temperature  27.54          73.98
24  sensor_5 2025-06-05 11:48:48.068905  temperature  18.70          74.42
25  sensor_1 2025-06-05 11:43:48.068905  temperature  25.75          98.73
26  sensor_1 2025-06-05 11:38:48.068905     humidity  12.12          40.98
27  sensor_4 2025-06-05 11:33:48.068905  temperature  22.25          44.47
28  sensor_2 2025-06-05 11:28:48.068905  temperature  20.78          66.20
29  sensor_4 2025-06-05 11:23:48.068905  temperature  32.10          80.55
2025-07-27 00:29:16,527 [INFO] app.core.processing - initialising validors
2025-07-27 00:29:16,527 [DEBUG] app.core.processing - self.context.config['validator_classes']=['app.validators.schema_validator.SchemaValidator']
2025-07-27 00:29:16,527 [INFO] app.core.processing - validators classes inititalised and run all validation
2025-07-27 00:29:16,527 [DEBUG] app.core.processing - list_validator_classes_list=[None]
2025-07-27 00:36:54,139 [INFO] app.core.processing - loading started
2025-07-27 00:36:54,139 [INFO] app.loading.parquet_loader - checking can we load the file sample_sensor_data.parquet
2025-07-27 00:36:54,139 [INFO] app.loading.parquet_loader - started loading file sample_sensor_data.parquet
2025-07-27 00:36:54,440 [INFO] app.loading.parquet_loader - file sample_sensor_data.parquet schema loaded to duckdb
2025-07-27 00:36:54,453 [DEBUG] app.core.processing - self.schema=     column_name   column_type null   key default extra
0      sensor_id       VARCHAR  YES  None    None  None
1      timestamp  TIMESTAMP_NS  YES  None    None  None
2   reading_type       VARCHAR  YES  None    None  None
3          value        DOUBLE  YES  None    None  None
4  battery_level        DOUBLE  YES  None    None  None 
    sensor_id                  timestamp reading_type  value  battery_level
0   sensor_5 2025-06-05 13:48:48.068905     humidity  28.20          77.90
1   sensor_2 2025-06-05 13:43:48.068905     humidity  15.73          48.88
2   sensor_1 2025-06-05 13:38:48.068905  temperature  25.85          62.65
3   sensor_5 2025-06-05 13:33:48.068905  temperature  24.68          53.57
4   sensor_5 2025-06-05 13:28:48.068905  temperature  24.60          29.22
5   sensor_4 2025-06-05 13:23:48.068905  temperature  26.41          26.97
6   sensor_4 2025-06-05 13:18:48.068905     humidity  27.91          53.23
7   sensor_3 2025-06-05 13:13:48.068905     humidity  33.29          43.47
8   sensor_5 2025-06-05 13:08:48.068905  temperature  11.24          54.02
9   sensor_5 2025-06-05 13:03:48.068905  temperature  13.34          83.95
10  sensor_2 2025-06-05 12:58:48.068905  temperature  15.31          94.81
11  sensor_1 2025-06-05 12:53:48.068905     humidity  30.86          52.54
12  sensor_5 2025-06-05 12:48:48.068905  temperature  27.23          27.00
13  sensor_1 2025-06-05 12:43:48.068905     humidity  29.27          25.34
14  sensor_5 2025-06-05 12:38:48.068905     humidity  30.39          61.16
15  sensor_4 2025-06-05 12:33:48.068905     humidity  14.69          77.96
16  sensor_2 2025-06-05 12:28:48.068905     humidity  21.02          85.21
17  sensor_4 2025-06-05 12:23:48.068905  temperature  17.36          82.70
18  sensor_2 2025-06-05 12:18:48.068905  temperature  32.49          29.62
19  sensor_5 2025-06-05 12:13:48.068905  temperature  13.01          93.70
20  sensor_3 2025-06-05 12:08:48.068905     humidity  25.59          53.11
21  sensor_5 2025-06-05 12:03:48.068905     humidity  26.42          75.20
22  sensor_2 2025-06-05 11:58:48.068905     humidity  24.05          39.85
23  sensor_4 2025-06-05 11:53:48.068905  temperature  27.54          73.98
24  sensor_5 2025-06-05 11:48:48.068905  temperature  18.70          74.42
25  sensor_1 2025-06-05 11:43:48.068905  temperature  25.75          98.73
26  sensor_1 2025-06-05 11:38:48.068905     humidity  12.12          40.98
27  sensor_4 2025-06-05 11:33:48.068905  temperature  22.25          44.47
28  sensor_2 2025-06-05 11:28:48.068905  temperature  20.78          66.20
29  sensor_4 2025-06-05 11:23:48.068905  temperature  32.10          80.55
2025-07-27 00:36:54,453 [INFO] app.core.processing - initialising validors
2025-07-27 00:36:54,453 [DEBUG] app.core.processing - self.context.config['validator_classes']=['app.validators.schema_validator.SchemaValidator']
2025-07-27 00:39:00,336 [INFO] app.core.processing - loading started
2025-07-27 00:39:00,337 [INFO] app.loading.parquet_loader - checking can we load the file sample_sensor_data.parquet
2025-07-27 00:39:00,337 [INFO] app.loading.parquet_loader - started loading file sample_sensor_data.parquet
2025-07-27 00:39:00,597 [INFO] app.loading.parquet_loader - file sample_sensor_data.parquet schema loaded to duckdb
2025-07-27 00:39:00,609 [DEBUG] app.core.processing - self.schema=     column_name   column_type null   key default extra
0      sensor_id       VARCHAR  YES  None    None  None
1      timestamp  TIMESTAMP_NS  YES  None    None  None
2   reading_type       VARCHAR  YES  None    None  None
3          value        DOUBLE  YES  None    None  None
4  battery_level        DOUBLE  YES  None    None  None 
    sensor_id                  timestamp reading_type  value  battery_level
0   sensor_5 2025-06-05 13:48:48.068905     humidity  28.20          77.90
1   sensor_2 2025-06-05 13:43:48.068905     humidity  15.73          48.88
2   sensor_1 2025-06-05 13:38:48.068905  temperature  25.85          62.65
3   sensor_5 2025-06-05 13:33:48.068905  temperature  24.68          53.57
4   sensor_5 2025-06-05 13:28:48.068905  temperature  24.60          29.22
5   sensor_4 2025-06-05 13:23:48.068905  temperature  26.41          26.97
6   sensor_4 2025-06-05 13:18:48.068905     humidity  27.91          53.23
7   sensor_3 2025-06-05 13:13:48.068905     humidity  33.29          43.47
8   sensor_5 2025-06-05 13:08:48.068905  temperature  11.24          54.02
9   sensor_5 2025-06-05 13:03:48.068905  temperature  13.34          83.95
10  sensor_2 2025-06-05 12:58:48.068905  temperature  15.31          94.81
11  sensor_1 2025-06-05 12:53:48.068905     humidity  30.86          52.54
12  sensor_5 2025-06-05 12:48:48.068905  temperature  27.23          27.00
13  sensor_1 2025-06-05 12:43:48.068905     humidity  29.27          25.34
14  sensor_5 2025-06-05 12:38:48.068905     humidity  30.39          61.16
15  sensor_4 2025-06-05 12:33:48.068905     humidity  14.69          77.96
16  sensor_2 2025-06-05 12:28:48.068905     humidity  21.02          85.21
17  sensor_4 2025-06-05 12:23:48.068905  temperature  17.36          82.70
18  sensor_2 2025-06-05 12:18:48.068905  temperature  32.49          29.62
19  sensor_5 2025-06-05 12:13:48.068905  temperature  13.01          93.70
20  sensor_3 2025-06-05 12:08:48.068905     humidity  25.59          53.11
21  sensor_5 2025-06-05 12:03:48.068905     humidity  26.42          75.20
22  sensor_2 2025-06-05 11:58:48.068905     humidity  24.05          39.85
23  sensor_4 2025-06-05 11:53:48.068905  temperature  27.54          73.98
24  sensor_5 2025-06-05 11:48:48.068905  temperature  18.70          74.42
25  sensor_1 2025-06-05 11:43:48.068905  temperature  25.75          98.73
26  sensor_1 2025-06-05 11:38:48.068905     humidity  12.12          40.98
27  sensor_4 2025-06-05 11:33:48.068905  temperature  22.25          44.47
28  sensor_2 2025-06-05 11:28:48.068905  temperature  20.78          66.20
29  sensor_4 2025-06-05 11:23:48.068905  temperature  32.10          80.55
2025-07-27 00:39:00,610 [INFO] app.core.processing - initialising validors
2025-07-27 00:39:00,610 [DEBUG] app.core.processing - self.context.config['validator_classes']=['app.validators.schema_validator.SchemaValidator']
2025-07-27 00:39:00,611 [DEBUG] app.validators.schema_validator - [{'sensor_id': 'string'}, {'timestamp': 'ISO datetime'}, {'reading_type': 'string'}, {'value': 'float'}, {'battery_level': 'float'}]
2025-07-27 00:40:52,567 [INFO] app.core.processing - loading started
2025-07-27 00:40:52,567 [INFO] app.loading.parquet_loader - checking can we load the file sample_sensor_data.parquet
2025-07-27 00:40:52,567 [INFO] app.loading.parquet_loader - started loading file sample_sensor_data.parquet
2025-07-27 00:40:52,867 [INFO] app.loading.parquet_loader - file sample_sensor_data.parquet schema loaded to duckdb
2025-07-27 00:40:52,888 [DEBUG] app.core.processing - self.schema=     column_name   column_type null   key default extra
0      sensor_id       VARCHAR  YES  None    None  None
1      timestamp  TIMESTAMP_NS  YES  None    None  None
2   reading_type       VARCHAR  YES  None    None  None
3          value        DOUBLE  YES  None    None  None
4  battery_level        DOUBLE  YES  None    None  None 
    sensor_id                  timestamp reading_type  value  battery_level
0   sensor_5 2025-06-05 13:48:48.068905     humidity  28.20          77.90
1   sensor_2 2025-06-05 13:43:48.068905     humidity  15.73          48.88
2   sensor_1 2025-06-05 13:38:48.068905  temperature  25.85          62.65
3   sensor_5 2025-06-05 13:33:48.068905  temperature  24.68          53.57
4   sensor_5 2025-06-05 13:28:48.068905  temperature  24.60          29.22
5   sensor_4 2025-06-05 13:23:48.068905  temperature  26.41          26.97
6   sensor_4 2025-06-05 13:18:48.068905     humidity  27.91          53.23
7   sensor_3 2025-06-05 13:13:48.068905     humidity  33.29          43.47
8   sensor_5 2025-06-05 13:08:48.068905  temperature  11.24          54.02
9   sensor_5 2025-06-05 13:03:48.068905  temperature  13.34          83.95
10  sensor_2 2025-06-05 12:58:48.068905  temperature  15.31          94.81
11  sensor_1 2025-06-05 12:53:48.068905     humidity  30.86          52.54
12  sensor_5 2025-06-05 12:48:48.068905  temperature  27.23          27.00
13  sensor_1 2025-06-05 12:43:48.068905     humidity  29.27          25.34
14  sensor_5 2025-06-05 12:38:48.068905     humidity  30.39          61.16
15  sensor_4 2025-06-05 12:33:48.068905     humidity  14.69          77.96
16  sensor_2 2025-06-05 12:28:48.068905     humidity  21.02          85.21
17  sensor_4 2025-06-05 12:23:48.068905  temperature  17.36          82.70
18  sensor_2 2025-06-05 12:18:48.068905  temperature  32.49          29.62
19  sensor_5 2025-06-05 12:13:48.068905  temperature  13.01          93.70
20  sensor_3 2025-06-05 12:08:48.068905     humidity  25.59          53.11
21  sensor_5 2025-06-05 12:03:48.068905     humidity  26.42          75.20
22  sensor_2 2025-06-05 11:58:48.068905     humidity  24.05          39.85
23  sensor_4 2025-06-05 11:53:48.068905  temperature  27.54          73.98
24  sensor_5 2025-06-05 11:48:48.068905  temperature  18.70          74.42
25  sensor_1 2025-06-05 11:43:48.068905  temperature  25.75          98.73
26  sensor_1 2025-06-05 11:38:48.068905     humidity  12.12          40.98
27  sensor_4 2025-06-05 11:33:48.068905  temperature  22.25          44.47
28  sensor_2 2025-06-05 11:28:48.068905  temperature  20.78          66.20
29  sensor_4 2025-06-05 11:23:48.068905  temperature  32.10          80.55
2025-07-27 00:40:52,889 [INFO] app.core.processing - initialising validors
2025-07-27 00:40:52,889 [DEBUG] app.core.processing - self.context.config['validator_classes']=['app.validators.schema_validator.SchemaValidator']
2025-07-27 00:40:52,890 [DEBUG] app.validators.schema_validator - {'sensor_id': 'string', 'timestamp': 'ISO datetime', 'reading_type': 'string', 'value': 'float', 'battery_level': 'float'}
2025-07-27 00:40:52,891 [INFO] app.core.processing - validators classes inititalised and run all validation
2025-07-27 00:40:52,891 [DEBUG] app.core.processing - list_validator_classes_list=[None]
2025-07-27 00:42:20,202 [INFO] app.core.processing - loading started
2025-07-27 00:42:20,202 [INFO] app.loading.parquet_loader - checking can we load the file sample_sensor_data.parquet
2025-07-27 00:42:20,202 [INFO] app.loading.parquet_loader - started loading file sample_sensor_data.parquet
2025-07-27 00:42:20,474 [INFO] app.loading.parquet_loader - file sample_sensor_data.parquet schema loaded to duckdb
2025-07-27 00:42:20,486 [DEBUG] app.core.processing - self.schema=     column_name   column_type null   key default extra
0      sensor_id       VARCHAR  YES  None    None  None
1      timestamp  TIMESTAMP_NS  YES  None    None  None
2   reading_type       VARCHAR  YES  None    None  None
3          value        DOUBLE  YES  None    None  None
4  battery_level        DOUBLE  YES  None    None  None 
    sensor_id                  timestamp reading_type  value  battery_level
0   sensor_5 2025-06-05 13:48:48.068905     humidity  28.20          77.90
1   sensor_2 2025-06-05 13:43:48.068905     humidity  15.73          48.88
2   sensor_1 2025-06-05 13:38:48.068905  temperature  25.85          62.65
3   sensor_5 2025-06-05 13:33:48.068905  temperature  24.68          53.57
4   sensor_5 2025-06-05 13:28:48.068905  temperature  24.60          29.22
5   sensor_4 2025-06-05 13:23:48.068905  temperature  26.41          26.97
6   sensor_4 2025-06-05 13:18:48.068905     humidity  27.91          53.23
7   sensor_3 2025-06-05 13:13:48.068905     humidity  33.29          43.47
8   sensor_5 2025-06-05 13:08:48.068905  temperature  11.24          54.02
9   sensor_5 2025-06-05 13:03:48.068905  temperature  13.34          83.95
10  sensor_2 2025-06-05 12:58:48.068905  temperature  15.31          94.81
11  sensor_1 2025-06-05 12:53:48.068905     humidity  30.86          52.54
12  sensor_5 2025-06-05 12:48:48.068905  temperature  27.23          27.00
13  sensor_1 2025-06-05 12:43:48.068905     humidity  29.27          25.34
14  sensor_5 2025-06-05 12:38:48.068905     humidity  30.39          61.16
15  sensor_4 2025-06-05 12:33:48.068905     humidity  14.69          77.96
16  sensor_2 2025-06-05 12:28:48.068905     humidity  21.02          85.21
17  sensor_4 2025-06-05 12:23:48.068905  temperature  17.36          82.70
18  sensor_2 2025-06-05 12:18:48.068905  temperature  32.49          29.62
19  sensor_5 2025-06-05 12:13:48.068905  temperature  13.01          93.70
20  sensor_3 2025-06-05 12:08:48.068905     humidity  25.59          53.11
21  sensor_5 2025-06-05 12:03:48.068905     humidity  26.42          75.20
22  sensor_2 2025-06-05 11:58:48.068905     humidity  24.05          39.85
23  sensor_4 2025-06-05 11:53:48.068905  temperature  27.54          73.98
24  sensor_5 2025-06-05 11:48:48.068905  temperature  18.70          74.42
25  sensor_1 2025-06-05 11:43:48.068905  temperature  25.75          98.73
26  sensor_1 2025-06-05 11:38:48.068905     humidity  12.12          40.98
27  sensor_4 2025-06-05 11:33:48.068905  temperature  22.25          44.47
28  sensor_2 2025-06-05 11:28:48.068905  temperature  20.78          66.20
29  sensor_4 2025-06-05 11:23:48.068905  temperature  32.10          80.55
2025-07-27 00:42:20,486 [INFO] app.core.processing - initialising validors
2025-07-27 00:42:20,486 [DEBUG] app.core.processing - self.context.config['validator_classes']=['app.validators.schema_validator.SchemaValidator']
2025-07-27 00:42:20,487 [DEBUG] app.validators.schema_validator - {'sensor_id': 'string', 'timestamp': 'ISO datetime', 'reading_type': 'string', 'value': 'float', 'battery_level': 'float'}
2025-07-27 00:42:20,487 [INFO] app.core.processing - validators classes inititalised and run all validation
2025-07-27 00:42:20,487 [DEBUG] app.core.processing - list_validator_classes_list=[True]
